<?xml version="1.0" encoding="UTF-8"?>
<testsuite xmlns:xsi="http://www.w3.org/2001/XMLSchema-instance" xsi:noNamespaceSchemaLocation="https://maven.apache.org/surefire/maven-surefire-plugin/xsd/surefire-test-report-3.0.xsd" version="3.0" name="TestSuite" time="109.076" tests="4" errors="0" skipped="0" failures="1">
  <properties>
[...]
</properties>
  <testcase name="failvalidateTitle" classname="Academy.FailCase" time="0.337">
    <failure message="expected [Feature fail title] but found [FEATURED COURSES]" type="java.lang.AssertionError"><![CDATA[java.lang.AssertionError: expected [Feature fail title] but found [FEATURED COURSES]
	at Academy.FailCase.failvalidateTitle(FailCase.java:31)
]]></failure>
    <system-err><![CDATA[Starting ChromeDriver 80.0.3987.106 (f68069574609230cf9b635cd784cfb1bf81bb53a-refs/branch-heads/3987@{#882}) on port 40394
Only locStarting ChromeDriver 80.0.3987.106 (f68069574609230cf9b635cd784cfb1bf81bb53a-refs/branch-heads/3987@{#882}) on port 7262
Only local connections are allowed.
Please protect ports used by ChromeDriver and related test frameworks to prevent access by malicious code.
al connections are allowed.
Please protect ports used by ChromeDriver and related test frameworks to preventStarting ChromeDriver 80.0.3987.106 (f68069574609230cf9b635cd784cfb1bf81bb53a-refs/branch-heads/3987@{#882}) on port 31229
Only local connections are allowed.
Please protect ports used by ChromeDriver and related test frameworks to prevent access by malicious code.
 access by malicious code.
[1589900586.025][WARNING]: This version of ChromeDriver has not been tested with Chrome version 81.
[1589900586.148][WARNING]: This version of ChromeDriver has not been tested with Chrome version 81.
[1589900587.156][WARNING]: This version of ChromeDriver has not been tested with Chrome version 81.
May 19, 2020 8:33:07 PM org.openqa.selenium.remote.ProtocolHandshake createSession
INFO: Detected dialect: W3C
May 19, 2020 8:33:07 PM org.openqa.selenium.remote.ProtocolHandshake createSession
INFO: Detected dialect: W3C
May 19, 2020 8:33:08 PM org.openqa.selenium.remote.ProtocolHandshake createSession
INFO: Detected dialect: W3C
[1589900590.338][SEVERE]: Timed out receiving message from renderer: 0.100
[1589900590.342][SEVERE]: Timed out receiving message from renderer: 0.100
[1589900590.394][SEVERE]: Timed out receiving message from renderer: 0.100
[1589900590.450][SEVERE]: Timed out receiving message from renderer: 0.100
[1589900590.497][SEVERE]: Timed out receiving message from renderer: 0.100
[1589900590.568][SEVERE]: Timed out receiving message from renderer: 0.100
[1589900590.572][SEVERE]: Timed out receiving message from renderer: 0.100
[1589900590.598][SEVERE]: Timed out receiving message from renderer: 0.100
[1589900590.670][SEVERE]: Timed out receiving message from renderer: 0.100
[1589900590.679][SEVERE]: Timed out receiving message from renderer: 0.100
[1589900590.701][SEVERE]: Timed out receiving message from renderer: 0.100
[1589900590.771][SEVERE]: Timed out receiving message from renderer: 0.100
[1589900590.781][SEVERE]: Timed out receiving message from renderer: 0.100
[1589900590.802][SEVERE]: Timed out receiving message from renderer: 0.100
[1589900590.883][S[E1V5E89R9E0]0:5 9T0i.m8e8d4 ]o[uStE VrEeRcEe]i:v iTnigm emde sosuatg er efcreoimv irnegn dmeerssearg:e  f0r.o1m0 0re
nderer: 0.100
[1589900590.908][SEVERE]: Timed out receiving message from renderer: 0.100
[1589900590.989][SEVERE]: Timed out receiving message from renderer: 0.100
[1589900590.992][SEVERE]: Timed out receiving message from renderer: 0.100
[1589900591.013][SEVERE]: Timed out receiving message from renderer: 0.100
[1589900591.096][SEVERE]: Timed out receiving message from renderer: 0.100
[1589900591.108][SEVERE]: Timed out receiving message from renderer: 0.100
[1589900591.116][SEVERE]: Timed out receiving message from renderer: 0.100
[1589900591.220][SEVERE]: Timed out receiving message from renderer: 0.100
[1589900591.229][SEVERE]: Timed out receiving message from renderer: 0.100
[1589900591.230][SEVERE]: Timed out receiving message from renderer: 0.100
[1589900591.322][SEVERE]: Timed out receiving message from renderer: 0.100
[1589900591.330][SEVERE]: Timed out receiving message from renderer: 0.100
[1589900591.331][SEVERE]: Timed out receiving message from renderer: 0.100
[1589900591.425][SEVERE]: Timed out receiving message from renderer: 0.100
[1589900591.432][SEVERE]: Timed out receiving message from renderer: 0.1[015089
900591.433][SEVERE]: Timed out receiving message from renderer: 0.100
[1589900591.535][SEVERE]: Timed out receiving message from rende[re1r5:8 909.01005091
.53[71]5[8S9E9V0E0R5E9]1:. 5T3i7m]e[dS EoVuEtR Er]e:c eTiivmiendg  omuets sraegcee ifvrionmg  rmeensdseargeer :f r0o.m1 0r0enderer: 0.100

[1589900591.638][SEVERE]: Timed out receiving message from renderer: 0.100
[1589900591.644][SEVERE]: Timed out receiving message from renderer: 0.100
[1589900591.660][SEVERE]: Timed out receiving message from renderer: 0.100
[1589900591.780][SEVERE]: Timed out receiving message from renderer: 0.100
[1589900[519518.979830]0[5S9E1V.E7R8E]3:] [TSiEmVeEdR Eo]u:t  Triemceedi voiuntg  rmeecsesiavgien g mfrom renderer: 0.100
essage from renderer: 0.100
[1589900591.882][SEVERE]: Timed out receiving message from renderer: 0.100
[15[81958990900509519.19.0910]1[]S[ESVEEVREE]:RE Timed out receiving me]s:s aTgiem efdr oomu tr ernedceeiving mersseagre:  f0r.o1m0 0re
nderer: 0.100
[1589900591.985][SEVERE]: Timed out receiving message from renderer: 0.100
[[11558899990000559922..001155]][[SSEEVEVREER]E:] :T iTmiemde do uot urte creecieviivnign gm emsessasgaeg ef rformo mr ernednederer: 0.rer: 0.100
100
[1589900592.087][SEVERE]: Timed out receiving message from renderer: 0.100
[[11558899990000559922..111177]][[SSEEVVEERE]: Timed oRuEt ]r:e cTeiiving mmeesds aoguet  frreocme irveinndge rmeers:s a0g.e1 0f0ro
m renderer: 0.100
[1589900592.188][SEVERE]: Timed out receiving message from renderer: 0.100
[1589900592.220][SEVERE]: Timed out receiving message[ 1f5r8o9m9 0r0e5n9d2e.r2e2r0:] [0S.E1V0E0RE
]: Timed out receiving message from renderer: 0.100
[1589900592.289][SEVERE]: Timed out receiving message from renderer: 0.100
[1589900592.321][SEVERE]: Timed out receiving message from renderer: 0.100
[1589900592.322][SEVERE]: Timed out receiving message from renderer: 0.100
[1589900592.392][SEVERE]: Timed out receiving message from renderer: 0.100
[1589900592.428][SEVERE]: Timed out receiving message from renderer: 0.100
[1589900592.429][SEVERE]: Timed out receiving message from renderer: 0.100
[1589900592.494][SEVERE]: Timed out receiving message from renderer: 0.100
[1589900592.531][SEVERE]: Timed out receiving message from renderer: 0.100
[1589900592.531][SEVERE]: Timed out receiving message from renderer: 0.100
[1589900592.613][SEVERE]: Timed out receiving message from renderer: 0.100
[1589900592.636][SEVERE]: Timed out receiving message from renderer: 0.100
[1589900592.637][SEVERE]: Timed out receiving message from renderer: 0.100
[1589900592.714][SEVERE]: Timed out receiving message from renderer: 0.100
[1[51859899090050952.792.744][SEVERE]:4 5T]i[med SoEuVtE RrEe]c:e iTviimnegd m eosusta gree cferiovmi nrge nmdeesrsearg:e  0f.r1o0m0 r
enderer: 0.100
[1589900592.817][SEVERE]: Timed out receiving message from renderer: 0.100
[158990059[215.8894970]0[5S9E2V.E8R4E7]]:[ STEiVmERE]: Timed out receiveidn go umte srseacgeei vfirnogm  mreesnsdaegree rf:r o0m. 1r0e0nd
erer: 0.100
[1589900592.918][SEVERE]: Timed out receiving message from renderer: 0.100
[15899[0105589929.095005]9[2S.E9V5E0R]E[]SEV:E RTEi]m:e dT iomuetd  receiving message from renderer: 0.100
out receiving message from renderer: 0.100
[1589900593.019][SEVERE]: Timed out receiving message from renderer: 0.100
[1589900593.065][SEVERE]: [T1i5m8e9d9 out recei0v0in5g9 3message.065][SEV EfRrEo]m:  rTeinmdeedr eout rerc:e i0v.in1g 0m0es
sage from renderer: 0.100
[1589900593.120][SEVERE]: Timed out receiving message from renderer: 0.100
[[11558899990000559933..116678]][[SSEEVVEERREE]]::  TTimed oiumte dr eocueti vriencge imveisnsga gmee sfsraogme  rfendererro:m  0r.10ender0er
: 0.100
[1589900593.228][SEVERE]: Timed out receiving message from renderer: 0.100
[1589900593.[1589900593.272][SEVERE]: 272][SEVERE]: TTimed oimed out receivuit nregc emievsisnagg em efsrsoamg er efnrdoerme rr:e nd0e.rer: 01.01000

[1589900593.336][SEVERE]: Timed out receiving message from renderer: 0.100
[1589900593.378][SEVERE]: Timed out [1589900593.378][SEVERE]: Timed out receiving message from renderer: 0.100
receiving message from renderer: 0.100
[1589900593.438][SEVERE]: Timed out receiving message from renderer: 0.100
[1589900593.482][SEVERE]: Timed out receiving message from renderer: 0.100
[1589900593.482][SEVERE]: Timed out receiving message from renderer: 0.100
[1589900593.550][SEVERE]: Timed out receiving message from renderer: 0.100
[1589900593.585][SEVERE]: Timed out receiving message from renderer: 0.100
[1589900593.587][SEVERE]: Timed out receiving message from renderer: 0.100
[1589900593.652][SEVERE]: Timed out receiving message from renderer: 0.100
[1589900593.691][SEVERE]: Timed out receiving message from rendere[1r5:8 909.01005093
.692][SEVERE]: Timed out receiving message from renderer: 0.100
[1589900593.753][SEVERE]: Timed out receiving message from renderer: 0.100
[1589900593.793][[S1589900593E.V7E9RE]: Tim4e]d[ SoEuVtE RrEe]c: Timed oute irveicnegi vmiensgs amgees sfargoem  frreonmderer re:n d0e.r1e0r0: 0
.100
[1589900593.855][SEVERE]: Timed out receiving message from renderer: 0.100
[1589900593.897][SEVERE]: Timed out receiving message from renderer: 0.100
[1589900593.898][SEVERE]: Timed out receiving message from renderer: 0.100
[1589900593.960][SEVERE]: Timed out receiving message from renderer: 0.100
[[11558899990000559944..000021]][SEVERE]: Timed o[uStE VrEeRcEe]i:v iTnigm emde sosuatg ree cferiovmi nrg message efnrdoemr erre:n derer0:. 100.1000

[1589900594.062][SEVERE]: Timed out receiving message from renderer: 0.100
[1589900594.105][SEVERE]: Timed out receiving message from renderer: 0.100
[1589900594.110][SEVERE]: Timed out receiving message from renderer: 0.100
[1589900594.166][SEVERE]: Timed out receiving message from renderer: 0.100
[[11558899990000559944..221177]][[SSEEVVEERER]E:] :T iTmiemde do uotu tr erceecieviivnign gm meesssasgaeg ef rformo mr ernednedreerre:r :0 .01.01000

[1589900594.267][SEVERE]: Timed out receiving message from renderer: 0.100
[1589900594.320][SEVERE]: Timed out receiv[i1n5g 8m9e9s0s0a5g9e4 .f3r2o0m] [rSeEnVERdereEr]::  0T.10i0me
d out receiving message from renderer: 0.100
[1589900594.368][SEVERE]: Timed out receiving message from renderer: 0.100
[[11558899990059400594.426][SEVERE]: Timed out receiving message from renderer: 0.100
.426][SEVERE]: Timed out receiving message from renderer: 0.100
[1589900594.469][SEVERE]: Timed out receiving message from renderer: 0.100
[1589900594.532][SEVERE]: Tim[e1d5 8990059o4u.t5 3r3e]c[eSiEvViEnRgE ]m:e sTsiamgee df rooumt  rreencdeeirveirn:g  0m.e1s0s0ag
e from renderer: 0.100
[1589900594.570][SEVERE]: Timed out receiving message from renderer: 0.100
[1589900594.637][SEVERE]: Timed out receiving message from renderer: 0.100
[1589900594.648][SEVERE]: Timed out receiving message from renderer: 0.100
[1589900594.677][SEVERE]: Timed out receiving message from renderer: 0.100
[1589900594.740][SEVERE]: Timed out receiving message from renderer: 0.100
[1589900594.750][SEVERE]: Timed out receiving message from renderer: 0.100
[1589900594.779][SEVERE]: Timed out receiving message from renderer: 0.100
[1589900594.845][SEVERE]: Timed out receiving message from renderer: 0.100
[1589900594.853][SEVERE]: Timed out receiving message from renderer: 0.100
[1589900594.880][SEVERE]: Timed out receiving message from renderer: 0.100
[1589900594.947][SEVERE]: Timed out receiving message from renderer: 0.100
[1589900594.959][SEVERE]: Timed out receiving message from renderer: 0.100
[1589900594.981][SEVERE]: Timed out receiving message from renderer: 0.100
[1589900595.051][SEVERE]: Timed out receiving message from renderer: 0.100
[1589900595.063][SEVERE]: Timed out receiving message from renderer: 0.100
[1589900595.087][SEVERE]: Timed out receiving message from renderer: 0.100
[1589900595.152][SEVERE]: Timed out receiving message from renderer: 0.100
[1589900595.165][SEVERE]: Timed out receiving message from renderer: 0.100
[1589900595.190][SEVERE]: Timed out receiving message from renderer: 0.100
[1589900595.254][SEVERE]: Timed out receiving message from renderer: 0.100
[1589900595.268][SEVERE]: Timed out receiving message from renderer: 0.100
[1589900595.294][SEVERE]: Timed out receiving message from renderer: 0.100
[1589900595.355][SEVERE]: Timed out receiving message from renderer: 0.100
[1589900595.369][SEVERE]: Timed out receiving message from renderer: 0.100
[1589900595.396][SEVERE]: Timed out receiving message from renderer: 0.100
[1589900595.458][SEVERE]: Timed out receiving message from renderer: 0.100
[1589900595.470][SEVERE]: Timed out receiving message from renderer: 0.100
[1589900595.498][SEVERE]: Timed out receiving message from renderer: 0.100
[1589900595.559][SEVERE]: Timed out receiving message from renderer: 0.100
[1589900595.574][SEVERE]: Timed out receiving message from renderer: 0.100
[1589900595.599][SEVERE]: Timed out receiving message from renderer: 0.100
[1589900595.660][SEVERE]: Timed out receiving message from renderer: 0.100
[1589900595.679][SEVERE]: Timed out receiving message from renderer: 0.100
[1589900595.700][SEVERE]: Timed out receiving message from renderer: 0.100
[1589900595.762][SEVERE]: Timed out receiving message from renderer: 0.100
[1589900595.782][SEVERE]: Timed out receiving message from renderer: 0.100
[1589900595.802][SEVERE]: Timed out receiving message from renderer: 0.100
[1589900595.863][SEVERE]: Timed out receiving message from renderer: 0.100
[1589900595.884][SEVERE]: Timed out receiving message from renderer: 0.100
[1589900595.904][SEVERE]: Timed out receiving message from renderer: 0.100
[1589900595.967][SEVERE]: Timed out receiving message from renderer: 0.100
[1589900595.986][SEVERE]: Timed out receiving message from renderer: 0.100
[1589900596.011][SEVERE]: Timed out receiving message from renderer: 0.100
[1589900596.068][SEVERE]: Timed out receiving message from renderer: 0.100
[1589900596.092][SEVERE]: Timed out receiving message from renderer: 0.100
[1589900596.112][SEVERE]: Timed out receiving message from renderer: 0.100
[1589900596.169][SEVERE]: Timed out receiving message from renderer: 0.100
[1589900596.194][SEVERE]: Timed out receiving message from renderer: 0.100
[1589900596.213][SEVERE]: Timed out receiving message from renderer: 0.100
[1589900596.271][SEVERE]: Timed out receiving message from renderer: 0.100
[1589900596.295][SEVERE]: Timed out receiving message from renderer: 0.100
[1589900596.315][SEVERE]: Timed out receiving message from renderer: 0.100
[1589900596.376][SEVERE]: Timed out receiving message from renderer: 0.100
[1589900596.403][SEVERE]: Timed out receiving message from renderer: 0.100
[1589900596.417][SEVERE]: Timed out receiving message from renderer: 0.100
[1589900596.479][SEVERE]: Timed out receiving message from renderer: 0.100
[1589900596.504][SEVERE]: Timed out receiving message from renderer: 0.100
[1589900596.519][SEVERE]: Timed out receiving message from renderer: 0.100
[1589900596.580][SEVERE]: Timed out receiving message from renderer: 0.100
[1589900596.611][SEVERE]: Timed out receiving message from renderer: 0.100
[1589900596.620][SEVERE]: Timed out receiving message from renderer: 0.100
[1589900596.682][SEVERE]: Timed out receiving message from renderer: 0.100
[1589900596.725][SEVERE]: Timed out receiving message from renderer: 0.100
[1589900596.727][SEVERE]: Timed out receiving message from renderer: 0.100
[1589900596.783][SEVERE]: Timed out receiving message from renderer: 0.100
[1589900596.829][SEVERE]: Timed out receiving message from renderer: 0.100
[1589900596.830][SEVERE]: Timed out receiving message from renderer: 0.100
[1589900596.884][SEVERE]: Timed out receiving message from renderer: 0.100
[1589900596.930][SEVERE]: Timed out receiving message from renderer: 0.100
[1589900596.931][SEVERE]: Timed out receiving message from renderer: 0.100
[1589900596.985][SEVERE]: Timed out receiving message from renderer: 0.100
[1589900597.031][SEVERE]: Timed out receiving message from renderer: 0.100
[1589900597.033][SEVERE]: Timed out receiving message from renderer: 0.100
[1589900597.086][SEVERE]: Timed out receiving message from renderer: 0.100
[1589900597.132][SEVERE]: Timed out receiving message from renderer: 0.100
[1589900597.134][SEVERE]: Timed out receiving message from renderer: 0.100
[1589900597.187][SEVERE]: Timed out receiving message from renderer: 0.100
[1589900597.234][SEVERE]: Timed out receiving message from renderer: 0.100
[1589900597.236][SEVERE]: Timed out receiving message from renderer: 0.100
[1589900597.290][SEVERE]: Timed out receiving message from renderer: 0.100
[1589900597.338][SEVERE]: Timed out receiving message from renderer: 0.100
[1589900597.342][SEVERE]: Timed out receiving message from renderer: 0.100
[1589900597.394][SEVERE]: Timed out receiving message from renderer: 0.100
[1589900597.445][SEVERE]: Timed out receiving message from renderer: 0.100
[1589900597.446][SEVERE]: Timed out receiving message from renderer: 0.100
[1589900597.497][SEVERE]: Timed out receiving message from renderer: 0.100
[1589900597.546][SEVERE]: Timed out receiving message from renderer: 0.100
[1589900597.548][SEVERE]: Timed out receiving message from renderer: 0.100
[1589900597.599][SEVERE]: Timed out receiving message from renderer: 0.100
[1589900597.650][SEVERE]: Timed out receiving message from renderer: 0.100
[1589900597.657][SEVERE]: Timed out receiving message from renderer: 0.100
[1589900597.700][SEVERE]: Timed out receiving message from renderer: 0.100
[1589900597.752][SEVERE]: Timed out receiving message from renderer: 0.100
[1589900597.762][SEVERE]: Timed out receiving message from renderer: 0.100
[1589900597.803][SEVERE]: Timed out receiving message from renderer: 0.100
[1589900597.854][SEVERE]: Timed out receiving message from renderer: 0.100
[1589900597.873][SEVERE]: Timed out receiving message from renderer: 0.100
[1589900597.908][SEVERE]: Timed out receiving message from renderer: 0.100
[1589900597.961][SEVERE]: Timed out receiving message from renderer: 0.100
[1589900597.977][SEVERE]: Timed out receiving message from renderer: 0.100
[1589900598.014][SEVERE]: Timed out receiving message from renderer: 0.100
[1589900598.063][SEVERE]: Timed out receiving message from renderer: 0.100
[1589900598.081][SEVERE]: Timed out receiving message from renderer: 0.100
[1589900598.128][SEVERE]: Timed out receiving message from renderer: 0.100
[1589900598.164][SEVERE]: Timed out receiving message from renderer: 0.100
[1589900598.182][SEVERE]: Timed out receiving message from renderer: 0.100
[1589900598.232][SEVERE]: Timed out receiving message from renderer: 0.100
[1589900598.284][SEVERE]: Timed out receiving message from renderer: 0.100
[1589900598.334][SEVERE]: Timed out receiving message from renderer: 0.100
[1589900598.399][SEVERE]: Timed out receiving message from renderer: 0.100
[1589900598.437][SEVERE]: Timed out receiving message from renderer: 0.100
[1589900598.500][SEVERE]: Timed out receiving message from renderer: 0.100
[1589900598.544][SEVERE]: Timed out receiving message from renderer: 0.100
[1589900598.604][SEVERE]: Timed out receiving message from renderer: 0.100
[1589900598.648][SEVERE]: Timed out receiving message from renderer: 0.100
[1589900598.708][SEVERE]: Timed out receiving message from renderer: 0.100
[1589900598.751][SEVERE]: Timed out receiving message from renderer: 0.100
[1589900598.815][SEVERE]: Timed out receiving message from renderer: 0.100
[1589900598.854][SEVERE]: Timed out receiving message from renderer: 0.100
[1589900598.916][SEVERE]: Timed out receiving message from renderer: 0.100
[1589900598.959][SEVERE]: Timed out receiving message from renderer: 0.100
[1589900599.018][SEVERE]: Timed out receiving message from renderer: 0.100
[1589900599.061][SEVERE]: Timed out receiving message from renderer: 0.100
[1589900599.119][SEVERE]: Timed out receiving message from renderer: 0.100
[1589900599.162][SEVERE]: Timed out receiving message from renderer: 0.100
[1589900599.264][SEVERE]: Timed out receiving message from renderer: 0.100
[1589900599.364][SEVERE]: Timed out receiving message from renderer: 0.100
[1589900599.366][SEVERE]: Timed out receiving message from renderer: 0.100
[1589900599.469][SEVERE]: Timed out receiving message from renderer: 0.100
[1589900599.571][SEVERE]: Timed out receiving message from renderer: 0.100
[1589900599.679][SEVERE]: Timed out receiving message from renderer: 0.100
[1589900599.874][SEVERE]: Timed out receiving message from renderer: 0.100
[1589900599.875][SEVERE]: Timed out receiving message from renderer: 0.100
[1589900599.979][SEVERE]: Timed out receiving message from renderer: 0.100
[1589900600.025][SEVERE]: Timed out receiving message from renderer: 0.100
[1589900600.080][SEVERE]: Timed out receiving message from renderer: 0.100
[1589900600.127][SEVERE]: Timed out receiving message from renderer: 0.100
[1589900600.183][SEVERE]: Timed out receiving message from renderer: 0.100
[1589900600.229][SEVERE]: Timed out receiving message from renderer: 0.100
[1589900600.284][SEVERE]: Timed out receiving message from renderer: 0.100
[1589900600.352][SEVERE]: Timed out receiving message from renderer: 0.100
[1589900600.354][SEVERE]: Timed out receiving message from renderer: 0.100
[1589900600.414][SEVERE]: Timed out receiving message from renderer: 0.100
[1589900600.478][SEVERE]: Timed out receiving message from renderer: 0.100
[1589900600.519][SEVERE]: Timed out receiving message from renderer: 0.100
[1589900600.565][SEVERE]: Timed out receiving message from renderer: 0.100
[1589900600.581][SEVERE]: Timed out receiving message from renderer: 0.100
[1589900600.622][SEVERE]: Timed out receiving message from renderer: 0.100
[1589900600.667][SEVERE]: Timed out receiving message from renderer: 0.100
[1589900600.682][SEVERE]: Timed out receiving message from renderer: 0.100
[1589900600.724][SEVERE]: Timed out receiving message from renderer: 0.100
[1589900600.769][SEVERE]: Timed out receiving message from renderer: 0.100
[1589900600.784][SEVERE]: Timed out receiving message from renderer: 0.100
[1589900600.827][SEVERE]: Timed out receiving message from renderer: 0.100
[1589900600.879][SEVERE]: Timed out receiving message from renderer: 0.100
[1589900600.887][SEVERE]: Timed out receiving message from renderer: 0.100
[1589900600.962][SEVERE]: Timed out receiving message from renderer: 0.100
[1589900600.984][SEVERE]: Timed out receiving message from renderer: 0.100
[1589900600.995][SEVERE]: Timed out receiving message from renderer: 0.100
[1589900601.064][SEVERE]: Timed out receiving message from renderer: 0.100
[1589900601.085][SEVERE]: Timed out receiving message from renderer: 0.100
[1589900601.103][SEVERE]: Timed out receiving message from renderer: 0.100
[1589900601.168][SEVERE]: Timed out receiving message from renderer: 0.100
[1589900601.187][SEVERE]: Timed out receiving message from renderer: 0.100
[1589900601.210][SEVERE]: Timed out receiving message from renderer: 0.100
[1589900601.270][SEVERE]: Timed out receiving message from renderer: 0.100
[1589900601.294][SEVERE]: Timed out receiving message from renderer: 0.100
[1589900601.312][SEVERE]: Timed out receiving message from renderer: 0.100
[1589900601.396][SEVERE]: Timed out receiving message from renderer: 0.100
[1589900601.414][SEVERE]: Timed out receiving message from renderer: 0.100
[1589900601.421][SEVERE]: Timed out receiving message from renderer: 0.100
[1589900601.498][SEVERE]: Timed out receiving message from renderer: 0.100
[1589900601.515][SEVERE]: Timed out receiving message from renderer: 0.100
[1589900601.527][SEVERE]: Timed out receiving message from renderer: 0.100
[1589900601.600][SEVERE]: Timed out receiving message from renderer: 0.100
[1589900601.616][SEVERE]: Timed out receiving message from renderer: 0.100
[1589900601.628][SEVERE]: Timed out receiving message from renderer: 0.100
[1589900601.701][SEVERE]: Timed out receiving message from renderer: 0.100
[1589900601.718][SEVERE]: Timed out receiving message from renderer: 0.100
[1589900601.730][SEVERE]: Timed out receiving message from renderer: 0.100
[1589900601.810][SEVERE]: Timed out receiving message from renderer: 0.100
[1589900601.820][SEVERE]: Timed out receiving message from renderer: 0.100
[1589900601.832][SEVERE]: Timed out receiving message from renderer: 0.100
[1589900601.912][SEVERE]: Timed out receiving message from renderer: 0.100
[1589900601.925][SEVERE]: Timed out receiving message from renderer: 0.100
[1589900601.936][SEVERE]: Timed out receiving message from renderer: 0.100
[1589900602.014][SEVERE]: Timed out receiving message from renderer: 0.100
[1589900602.029][SEVERE]: Timed out receiving message from renderer: 0.100
[1589900602.042][SEVERE]: Timed out receiving message from renderer: 0.100
[1589900602.123][SEVERE]: Timed out receiving message from renderer: 0.100
[1589900602.131][SEVERE]: Timed out receiving message from renderer: 0.100
[1589900602.144][SEVERE]: Timed out receiving message from renderer: 0.100
[1589900602.225][SEVERE]: Timed out receiving message from renderer: 0.100
[1589900602.232][SEVERE]: Timed out receiving message from renderer: 0.100
[1589900602.246][SEVERE]: Timed out receiving message from renderer: 0.100
[158990060[125.89395010]6[0S2E.V3E5R1E]][:S ETVERiEm]e: Timed outd  roeut recceeiivving imnegs smaegse safrgome  rfroemnde rreern: 0d.e1r0e0r
: 0.[1105089
900602.357][SEVERE]: Timed out receiving message from renderer: 0.100
[1589900602.453][SEVERE]: Timed out receiving message from renderer: 0.100
[1589900602.459][SEVERE]: Timed out receiving mes[s1a5g8e9 9f0r0o6m0 2r.e4n6d0e]r[eSr:E 0V.E1R0E]0: 
Timed out receiving message from renderer: 0.100
[1589900602.560][SEVERE]: Timed out receiving message from renderer: 0.100
[1589900602.563][SEVERE]: Timed out receiving message from renderer: 0.100
[1589900602.565][SEVERE]: Timed out receiving message from renderer: 0.100
[1589900602.663][SEVERE]: Timed out receiving message from renderer: 0.1[010589
900602.666][SEVERE]: Timed out receiving message from renderer: 0.10[01589900
602.667][SEVERE]: Timed out receiving message from renderer: 0.100
[1589900602.766][SEVERE]: Timed out receiving message from renderer: 0.100
[1589900602.769][SEVERE]: Timed out receiving message from renderer: 0.100
[1589900602.773][SEVERE]: Timed out receiving message from renderer: 0.100
[1589900602.867][SEVERE]: Timed out receiving message from renderer: 0.100
[1589900602.870][SEVERE]: Timed out receiving message from renderer: 0.100
[1589900602.875][SEVERE]: Timed out receiving message from renderer: 0.100
[1589900602.968][SEVERE]: Timed out receiving message from renderer: 0.100
[1589900602.973][SEVERE]: Timed out receiving message from renderer: 0.100
[1589900602.977][SEVERE]: Timed out receiving message from renderer: 0.100
[1589900603.075][SEVERE]: Timed out receiving message from renderer: 0.100
[1589900603.078][SEVERE]: Timed out receiving message from renderer: 0.100
[1589900603.083][SEVERE]: Timed out receiving message from renderer: 0.100
[1589900603.179][SEVERE]: Timed out receiving message from renderer: 0.100
[1589900603.181][SEVERE]: Timed out receiving message from renderer: 0.100
[1589900603.185][SEVERE]: Timed out receiving message from renderer: 0.100
[1589900603.283][SEVERE]: Tim[e1d5 8o99u0t0 6r0e3c.e2i8v3i]n[gS EmVeEsRsEa]g:e  Tfirmoed out remc erievnidnegr emre:s s0a.g1e0 0fr
om renderer: 0.100
[1589900603.297][SEVERE]: Timed out receiving message from renderer: 0.100
[[1155889999000060630.33.8368]6[]S[ESVEVEREER]E:] :T iTimed moeudt  oruetc erievcienigv imnegs smaegses afgreom renderer: 0.1 from renderer: 0.100
00
[1589900603.399][SEVERE]: Timed out receiving message from renderer: 0.100
[1589[910508690930.0469033].4[9S2E]V[ESREE]V:E RTEi]m:e dT iomuetd  roeucte irveicnegi vmiensgs amgees sfargoem from rende rreern:d e0r.e1r0:0 0
.100
[1589900603.500][SEVERE]: Timed out receiving message from renderer: 0.100
[[11558899990000660033..559954]][[SSEVERE]: Timed out reEcVeEiRvEi]n:g  Tmiemsesda goeu tf rroemc erievnidnegr emre:s s0a.g1e0 0fr
om renderer: 0.100
[1589900603.602][SEVERE]: Timed out receiving message from renderer: 0.100
[1589900603.698][[S1E5V8E9R9E0]0:6 0T3.69i7m]e[dS EoVuEtR Er]e:c eTiivmeidn go umte srseacgeei vfirnogm  mreesnsdaegree rf:r o0m. 1r0e0nd
erer: 0.100
[1589900603.703][SEVERE]: Timed out receiving message from renderer: 0.100
[1589900603.801][[1S5E8V9E9R0E0]6:0 3T.im8e0d1 ]o[uStE VrEeRcEe]i:v iTnigm emde sosuatg er efcreoimv irnegn dmeersesr:a g0e. 1f00ro
m renderer: 0.100
[1589900603.806][SEVERE]: Timed out receiving message from renderer: 0.100
[[1155889999000603.900620]3[.S9E0VER3E][SEVER]E:] :T iTmiemed out receiving message from renderer: 0.100
d out receiving message [f1r5o8m9 9r0e0n6d0e3r.er:9 008.]1[0S0EVE
RE]: Timed out receiving message from renderer: 0.100
[1589900604.011][SEVERE]: Timed out receiving message from renderer: 0.100
[1589900604.012][SEVERE]: Timed [1o5u8t 9r9e0c0e6i0v4i.n0g1 1m]e[sSsEaVgEeR Ef]r:o mT imrendeedr eoru:t  0r.e1c0e0iv
ing message from renderer: 0.100
[1589900604.113][SEVERE]: Timed out receiving message from renderer: 0.100
[1589900604.114][SEVERE]: Timed out receiving message fr[1o5m8 9r9e0n0d6e0r4e.r1:1 5][0S.E1V0E0RE
]: Timed out receiving message from renderer: 0.100
[1589900604.217][SEVERE]: Timed out receiving message from renderer: 0.100
[1589900604.217][SEVERE]: Timed out receiving message from renderer: 0.100
[1589900604.254][SEVERE]: Timed out receiving message from renderer: 0.100
[1589900604.318][SEVERE]: Timed out recei[v1i5n8g9 900me6s0s4a.g3e1 9f]ro[mS ErVenEdRE]e: rTer:i m0e.d1 0o0ut 
receiving message from renderer: 0.100
[1589900604.358][SEVERE]: Timed out receiving message from renderer: 0.100
[1589900604.422][SEVERE]: Timed out receiving message from renderer: 0.100
[1589900604.423][SEVERE]: Timed out receiving message from renderer: 0.100
[1589900604.465][SEVERE]: Timed out receiving message from renderer: 0.100
[1589900604.526][SEVERE]: Timed [o1u5t8 9r9e0c0e6i0v4i.n5g2 6m]e[sSsEaVgEeR Ef]r:o mT irmeedn doeurte rr:e c0e.iv1i0ng0 m
essage from renderer: 0.100
[1589900604.567][SEVERE]: Timed out receiving message from renderer: 0.100
[1589900604.631][SEVERE]: Timed out rec[e1i5v8990i0n6g m04.e6s3s2a]g[eS fEVrEoRE]: Tmi mreedn doeurte rre: c0e.i1v0i0
ng message from renderer: 0.100
[1589900604.670][SEVERE]: Timed out receiving message from renderer: 0.100
[1589900604.733][SEVERE]: Timed out receiving message from renderer: 0.100
[1589900604.735][SEVERE]: Timed out receiving message from renderer: 0.100
[1589900604.774][SEVERE]: Timed out receiving message from renderer: 0.100
[1589900604.834][SEVERE]: Timed out receiving message from renderer: 0.100
[1589900604.836][SEVERE]: Timed out receiving message from renderer: 0.100
[1589900604.876][SEVERE]: Timed out receiving message from renderer: 0.100
[1589900604.940][SEVERE]: Timed out receiving message from renderer: 0.100
[1589900605.048][SEVERE]: Timed out receiving message from renderer: 0.100
[[1518598990900600650.51.2101]9[]S[SEEVVEERE]: Timed out receiving RE]: Timed out receiving message from renderer: 0.100
message from renderer: 0.100
[1589900605.148][SEVERE]: Timed out receiving message from renderer: 0.100
[1589900605.225][SEVERE]: Timed out receiving message from renderer: 0.100
[1589900605.226][SEVERE]: Timed out receiving message from renderer: 0.100
[1589900605.251][SEVERE]: Timed out receiving message from renderer: 0.100
[1589900605.328][SEVERE]: Timed out receiving message from renderer: 0.100
[1589900605.339][SEVERE]: Timed out receiving message from renderer: 0.100
[1589900605.353][SEVERE]: Timed out receiving message from renderer: 0.100
[1589900605.451][SEVERE]: Timed out receiving message from renderer: 0.100
[1589900605.456][SEVERE]: Timed out receiving message from renderer: 0.100
[1589900605.464][SEVERE]: Timed out receiving message from renderer: 0.100
[1589900605.553][SEVERE]: Timed out receiving message from renderer: 0.100
[1589900605.561][SEVERE]: Timed out receiving message from renderer: 0.100
[1589900605.565][SEVERE]: Timed out receiving message from renderer: 0.100
[1589900605.662][SEVERE]: Timed out receiving message from renderer: 0.100
[1589900605.666][SEVERE]: Timed out receiving message from renderer: 0.100
[1589900605.746][SEVERE]: Timed out receiving message from renderer: 0.100
[1589900605.763][SEVERE]: Timed out receiving message from renderer: 0.100
[1589900605.767][SEVERE]: Timed out receiving message from renderer: 0.100
[1589900605.848][SEVERE]: Timed out receiving message from renderer: 0.100
[1589900605.864][SEVERE]: Timed out receiving message from renderer: 0.100
[1589900605.869][SEVERE]: Timed out receiving message from renderer: 0.100
[1589900605.949][SEVERE]: Timed out receiving message from renderer: 0.100
[1589900605.965][SEVERE]: Timed out receiving message from renderer: 0.100
[1589900605.973][SEVERE]: Timed out receiving message from renderer: 0.100
[1589900606.050][SEVERE]: Timed out receiving message from renderer: 0.100
[1589900606.067][SEVERE]: Timed out receiving message from renderer: 0.100
[1589900606.076][SEVERE]: Timed out receiving message from renderer: 0.100
[1589900606.151][SEVERE]: Timed out receiving message from renderer: 0.100
[1589900606.168][SEVERE]: Timed out receiving message from renderer: 0.100
[1589900606.178][SEVERE]: Timed out receiving message from renderer: 0.100
[1589900606.255][SEVERE]: Timed out receiving message from renderer: 0.100
[1589900606.278][SEVERE]: Timed out receiving message from renderer: 0.100
[1589900606.282][SEVERE]: Timed out receiving message from renderer: 0.100
[1589900606.358][SEVERE]: Timed out receiving message from renderer: 0.100
[1589900606.380][SEVERE]: Timed out receiving message from renderer: 0.100
[1589900606.384][SEVERE]: Timed out receiving message from renderer: 0.100
[1589900606.482][SEVERE]: Timed out receiving message from renderer: 0.100
[1589900606.553][SEVERE]: Timed out receiving message from renderer: 0.100
[1589900606.556][SEVERE]: Timed out receiving message from renderer: 0.100
[1589900606.584][SEVERE]: Timed out receiving message from renderer: 0.100
[1589900606.659][SEVERE]: Timed out receiving message from renderer: 0.100
[1589900606.660][SEVERE]: Timed out receiving message from renderer: 0.100
[1589900606.686][SEVERE]: Timed out receiving message from renderer: 0.100
[1589900606.762][SEVERE]: Timed out receiving message from renderer[:1 508.91900006
06.762][SEVERE]: Timed out receiving message from renderer: 0.100
[1589900606.792][SEVERE]: Timed out receiving message from renderer: 0.100
[1[518598990900600660.8656].8[65][SEVSEEVERE]:RE Timed ]o:u tT irmeecde iovuitn gr ecmeeissvage friom rnendgere rmessage from r:e n0.1derer: 0.100
00
[1589900606.893][SEVERE]: Timed out receiving message from renderer: 0.100
[1[518598990900600660.69.6986]7][SEVERE]:[ STEVERE]i:m Timede do uotu rte creeicveiinvgi nmg emsseasgse fraogme  rfernodme rreer:n d0e.re1r:0 00.
100
[1589900606.997][SEVERE]: Timed out receiving message from renderer: 0.100
[158990060[157.069][SEVERE]: Timed out receiving message from renderer: 0.100
89900607.070][SEVERE]: Timed out receiving message from renderer: 0.100
[1589900607.099][SEVERE]: Timed out receiving message from renderer: 0.100
[1589900607.173][SEVERE]: Timed out receiving message from renderer: 0.100
[1589900607.175][SEVERE]: Timed out receiving message from renderer: 0.100
[1589900607.200][SEVERE]: Timed out receiving message from renderer: 0.100
[1589900607.279][SEVERE]: Timed out receiving message from renderer: 0.100
[1589900607.303][SEVERE]: Timed out receiving message from renderer: 0.100
[1589900607.345][SEVERE]: Timed out receiving message from renderer: 0.100
[1589900607.380][SEVERE]: Timed out receiving message from renderer: 0.100
[1589900607.407][SEVERE]: Timed out receiving message from renderer: 0.100
[1589900607.448][SEVERE]: Timed out receiving message from renderer: 0.100
[1589900607.481][SEVERE]: Timed out receiving message from renderer: 0.100
[1589900607.508][SEVERE]: Timed out receiving message from renderer: 0.100
[1589900607.560][SEVERE]: Timed out receiving message from renderer: 0.100
[1589900607.582][SEVERE]: Timed out receiving message from renderer: 0.100
[1589900607.610][SEVERE]: Timed out receiving message from renderer: 0.100
[1589900607.715][SEVERE]: Timed out receiving message from renderer: 0.100
[1589900607.745][SEVERE]: Timed out receiving message from renderer: 0.100
[1589900607.751][SEVERE]: Timed out receiving message from renderer: 0.100
[1589900607.865][SEVERE]: Timed out receiving message from renderer: 0.100
[1589900607.874][SEVERE]: Timed out receiving message from renderer: 0.100
[1589900607.966][SEVERE]: Timed out receiving message from renderer: 0.100
[1589900607.976][SEVERE]: Timed out receiving message from renderer: 0.100
[1589900608.067][SEVERE]: Timed out receiving message from renderer: 0.100
[1589900608.078][SEVERE]: Timed out receiving message from renderer: 0.100
[1589900608.168][SEVERE]: Timed out receiving message from renderer: 0.100
[1589900608.179][SEVERE]: Timed out receiving message from renderer: 0.100
[1589900608.276][SEVERE]: Timed out receiving message from renderer: 0.100
[1589900608.284][SEVERE]: Timed out receiving message from renderer: 0.100
[1589900608.391][SEVERE]: Timed out receiving message from renderer: 0.100
[1589900608.414][SEVERE]: Timed out receiving message from renderer: 0.100
[1589900608.456][SEVERE]: Timed out receiving message from renderer: 0.100
[1589900608.493][SEVERE]: Timed out receiving message from renderer: 0.100
[1589900608.533][SEVERE]: Timed out receiving message from renderer: 0.100
[1589900608.594][SEVERE]: Timed out receiving message from renderer: 0.100
[1589900608.634][SEVERE]: Timed out receiving message from renderer: 0.100
[1589900608.779][SEVERE]: Timed out receiving message from renderer: 0.100
[1589900608.779][SEVERE]: Timed out receiving message from renderer: 0.100
[1589900608.90[11]5[8S9E9V0E0R6E0]8:. 9T0i0m]ed[ SoEuVtE RrEe]c:e iTviimneg message frodm  orut receeinvdienrge rm:e s0s.a1g0e0 f
rom renderer: 0.100
[1589900608.973][SEVERE]: Timed out receiving message from renderer: 0.100
[1589900609[.105082][9S9E0V0E6R0E9].:0 0T2i]m[eSdEV EoRuEt] :r eTciemievd ionugt  mreescseaigvei nfgr omems sraegneder efr: r0o.m1 renderer: 0.100
00
[1589900609.074][SEVERE]: Timed out receiving message from renderer: 0.100
[[1518598990900600690.91.016][SE0V7E]R[SEE]V:E RTEi]m:e dT iomuetd  roeuct reeicveiinvgi nmge smseasgsea gfer ofmr orme nrdeenrdeerr:e r0:. 100.010
0
[1589900609.175][SEVERE]: Timed out receiving message from renderer: 0.100
[1589900609.209][SEV[E1RE5]8:9 9T0i0m6e0d9 .o2u0t9 ]r[eSEVERE]: Ticmeeidvi nogu tm ersescaegievin gf rmom rendereessage from rendre:r e0r.:1 000.1
00
[1589900609.276][SEVERE]: Timed out receiving message from renderer: 0.100
[[11558899990000660099..331101]][[SSEEVVEERREE]]::  TTiimmeedd  oouutt  rreecceeiivviinngg  mmeessage from renderer: 0s.s10age f0ro
m renderer: 0.100
[1589900609.379][SEVERE]: Timed out receiving message from renderer: 0.100
[1589900609.414][SEVERE]: Timed out receiving messag[e1 5f8r9o9m0 0r6e0n9d.er4e1r4:] [S0E.V1E0R0
E]: Timed out receiving message from renderer: 0.100
[1589900609.483][SEVERE]: Timed out receiving message from renderer: 0.100
[1589900609.516][SEVERE]: Timed out receiving message from renderer: 0.100
[1589900609.516][SEVERE]: Timed out receiving message from renderer: 0.100
[1589900609.584][SEVERE]: Timed out receiving message from renderer: 0.100
[1589900609.617][SEVERE]: Timed out receiving message from renderer: 0.100
[1589900609.617][SEVERE]: Timed out receiving message from renderer: 0.100
[1589900609.685][SEVERE]: Timed out receiving message from renderer: 0.100
[1589900609.718][SEVERE]: Timed o[u1t5 8r9e9c0e0i6v0i9n.g7 19m]e[sSsEaVgEeR Ef]r:o mT irmeendd eorute rr:e ce0i.v1ing mess0a0
ge from renderer: 0.100
[1589900609.789][SEVERE]: Timed out receiving message from renderer: 0.100
[158[1589900609.823][SEVERE]: Timed out receiving message from renderer: 0.100
9900609.823][SEVERE]: Timed out receiving message from renderer: 0.100
[1589900609.892][SEVERE]: Timed out receiving message from renderer: 0.100
[1589900609.976][SEVERE]: Timed out receiving message from renderer: 0.100
[1589900609.982][SEVERE]: Timed out receiving message from renderer: 0.100
[1589900610.014][SEVERE]: Timed out receiving message from renderer: 0.100
[1589900610.077][SEVERE]: Timed out receiving message from renderer: 0.100
[1589900610.117][SEVERE]: Timed out receiving message [1589f9r0om r06e1n0d.e1r1e7r]:[ S0E.V1E0R0E]: 
Timed out receiving message from renderer: 0.100
[1589900610.178][SEVERE]: Timed out receiving message from renderer: 0.100
[1589900610.218][SEVERE]: Timed out receiving message from renderer: 0.100
[1589900610.218][SEVERE]: Timed out receiving message from renderer: 0.100
[1589900610.279][SEVERE]: Timed out receiving message from renderer: 0.100
[1589900610.319][SEVERE]: Timed out receiving message from renderer: 0.100
[1589900610.319][SEVERE]: Timed out receiving message from renderer: 0.100
[1589900610.380][SEVERE]: Timed out receiving message from renderer: 0.100
[1589900610.420][SEVERE]: Timed out receiving message from renderer: 0.100
[1589900610.421][SEVERE]: Timed out receiving message from renderer: 0.100
[1589900610.481][SEVERE]: Timed out receiving message from renderer: 0.100
[1589900610.521][SEVERE]: Timed out receiving message from renderer: 0.100
[1589900610.523][SEVERE]: Timed out receiving message from renderer: 0.100
[1589900610.584][SEVERE]: Timed out receiving message from renderer: 0.100
[15899[0105681909.0602641]0[.S6E2V4E]R[ES]E:V ETRiE]m:e dT iomuetd  roeucte irveicnegi vmiensgs amgees sfargome  rfernodme rreern:d e0r.e1r0:0 
0.100
[1589900610.685][SEVERE]: Timed out receiving message from renderer: 0.100
[1589900610.729][SEVERE]: Timed out receiving message from renderer: 0.100
[1589900610.737][SEVERE]: Timed out receiving message from renderer: 0.100
[1589900610.807][SEVERE]: Timed out receiving message from renderer: 0.100
[1589900610.831][SEVERE]: Timed out receiving message from renderer: 0.100
[1589900610.880][SEVERE]: Timed out receiving message from renderer: 0.100
[1589900610.941][SEVERE]: Timed out receiving message from renderer: 0.100
[1589900611.013][SEVERE]: Timed out receiving message from renderer: 0.100
[1589900611.042][SEVERE]: Timed out receiving message from renderer: 0.100
[1589900611.086][SEVERE]: Timed out receiving message from renderer: 0.100
[1589900611.114][SEVERE]: Timed out receiving message from renderer: 0.100
[1589900611.144][SEVERE]: Timed out receiving message from renderer: 0.100
[1589900611.193][SEVERE]: Timed out receiving message from renderer: 0.100
[1589900611.215][SEVERE]: Timed out receiving message from renderer: 0.100
[1589900611.246][SEVERE]: Timed out receiving message from renderer: 0.100
[1589900611.294][SEVERE]: Timed out receiving message from renderer: 0.100
[1589900611.321][SEVERE]: Timed out receiving message from renderer: 0.100
[1589900611.347][SEVERE]: Timed out receiving message from renderer: 0.100
[1589900611.399][SEVERE]: Timed out receiving message from renderer: 0.100
[1589900611.443][SEVERE]: Timed out receiving message from renderer: 0.100
[1589900611.449][SEVERE]: Timed out receiving message from renderer: 0.100
[1589900611.514][SEVERE]: Timed out receiving message from renderer: 0.100
[1589900611.547][SEVERE]: Timed out receiving message from renderer: 0.100
[1589900611.550][SEVERE]: Timed out receiving message from renderer: 0.100
[1589900611.621][SEVERE]: Timed out receiving message from renderer: 0.100
[1589900611.648][SEVERE]: Timed out receiving message from renderer: 0.100
[1589900611.651][SEVERE]: Timed out receiving message from renderer: 0.100
[1589900611.723][SEVERE]: Timed out receiving message from renderer: 0.100
[1589900611.749][SEVERE]: Timed out receiving message from renderer: 0.100
[1589900611.752][SEVERE]: Timed out receiving message from renderer: 0.100
[1589900611.828][SEVERE]: Timed out receiving message from renderer: 0.100
[1589900611.851][SEVERE]: Timed out receiving message from renderer: 0.100
[1589900611.855][SEVERE]: Timed out receiving message from renderer: 0.100
[1589900611.931][SEVERE]: Timed out receiving message from renderer: 0.100
[1589900611.952][SEVERE]: Timed out receiving message from renderer: 0.100
[1589900611.956][SEVERE]: Timed out receiving message from renderer: 0.100
[1589900612.032][SEVERE]: Timed out receiving message from renderer: 0.100
[1589900612.0[15588]9[9S0E0V6E1R2E.]0: T5i7m]e[dS EoVuEtR Er]e:c eTiivmiendg  omuets sraegcee ifvrionmg  rmeendsesraegre:  f0r.o1m0 0re
nderer: 0.100
[1589900612.133][SEVERE]: Timed out receiving message from renderer: 0.100
[1589900612.164][SEVERE]: Timed out receiving message from renderer: 0.100
[1589900612.167][SEVERE]: Timed out receiving message from renderer: 0.100
[1589900612.234][SEVERE]: Timed out receiving message from renderer: 0.100
[1589900612.265][SEVERE]: Timed out receiving message from renderer: 0.100
[1589900612.268][SEVERE]: Timed out receiving message from renderer: 0.100
[1589900612.334][SEVERE]: Timed out receiving message from renderer: 0.100
[1589900612.367][SEVERE]: Timed out receiving message from renderer: 0.100
[1589900612.377][SEVERE]: Timed out receiving message from renderer: 0.100
[1589900612.435][SEVERE]: Timed out receiving message from renderer: 0.100
[1589900612.469][SEVERE]: Timed out receiving message from renderer: 0.100
[1589900612.478][SEVERE]: Timed out receiving message from renderer: 0.100
[1589900612.576][SEVERE]: Timed out receiving message from renderer: 0.100
[1589900612.580][SEVERE]: Timed out receiving message from renderer: 0.100
[1589[1589900612.682][SEVERE]: Timed out receiving message from renderer: 0.100
900612.678][SEVERE]: Timed out receiving message from renderer: 0.100
[1589900612.794][SEVERE]: Timed out receiving message from renderer: 0.100
[1589900612.795][SEVERE]: Timed out receiving message from renderer: 0.100
[1589900612.798][SEVERE]: Timed out receiving message from renderer: 0.100
[1589900612.896][SEVERE]: Timed out receiving message from renderer: 0.100
[1589900612.897][SEVERE]: Timed out receiving message from renderer: 0.100
[1589900612.900][SEVERE]: Timed out receiving message from renderer: 0.100
[1589900612.997][SEVERE]: Timed out receiving message from renderer: 0.100
[1589900612.998][SEVERE]: Timed out receiving message from renderer: 0.100
[1589900613.002][SEVERE]: Timed out receiving message from renderer: 0.100
[1589900613.100][SEVERE]: Timed out receiving message from renderer: 0.100
[1589900613.105][SEVERE]: Timed out receiving message fro[1589900613.106][SEVERE]: Timed out receivm renderer: i0n.g1 00
message from renderer: 0.100
[1589900613.212][SEVERE]: Timed out receiving message from renderer: 0.100
[1589900613.214][SEVERE]: Timed out receiving message from renderer: 0.100
[1589900613.313][SEVERE]: Timed out receiving message from renderer: 0.100
[1589900613.316][SEVERE]: Timed out receiving message from renderer: 0.100
[1589900613.433][SEVERE]: Timed out receiving message from renderer: 0.100
[1589900613.445][SEVERE]: Timed out receiving message from renderer: 0.100
[1589900613.535][SEVERE]: Timed out receiving message from renderer: 0.100
[1589900613.539][SEVERE]: Timed out receiving message from renderer: 0.100
[1589900613.548][SEVERE]: Timed out receiving message from renderer: 0.100
[1589900613.673][SEVERE]: Timed out receiving message from renderer: 0.100
[1589900613.676][SEVERE]: Timed out receiving message from renderer: 0.100
[1589900613.748][SEVERE]: Timed out receiving message from renderer: 0.100
[1589900613.776][SEVERE]: Timed out receiving message from renderer: 0.100
[1589900613.779][SEVERE]: Timed out receiving message from renderer: 0.100
[1589900613.850][SEVERE]: Timed out receiving message from renderer: 0.100
[1589900613.879][SEVERE]: Timed out receiving message from renderer: 0.100
[1589900613.881][SEVERE]: Timed out receiving message from renderer: 0.100
[1589900613.952][SEVERE]: Timed out receiving message from renderer: 0.100
[1589900613.980][SEVERE]: Timed out receiving message from renderer: 0.100
[1589900613.983][SEVERE]: Timed out receiving message from renderer: 0.100
[1589900614.056][SEVERE]: Timed out receiving message from renderer: 0.100
[1589900614.081][SEVERE]: Timed out receiving message from renderer: 0.100
[1589900614.085][SEVERE]: Timed out receiving message from renderer: 0.100
[1589900614.158][SEVERE]: Timed out receiving message from renderer: 0.100
[1589900614.183][SEVERE]: Timed out receiving message from renderer: 0.100
[1589900614.194][SEVERE]: Timed out receiving message from renderer: 0.100
[1589900614.266][SEVERE]: Timed out receiving message from renderer: 0.100
[1589900614.292][SEVERE]: Timed out receiving message from renderer: 0.100
[1589900614.296][SEVERE]: Timed out receiving message from renderer: 0.100
[1589900614.378][SEVERE]: Timed out receiving message from renderer: 0.100
[1589900614.404][SEVERE]: Timed out receiving message from renderer: 0.100
[1589900614.428][SEVERE]: Timed out receiving message from renderer: 0.100
[1589900614.498][SEVERE]: Timed out receiving message from renderer: 0.100
[1589900614.511][SEVERE]: Timed out receiving message from renderer: 0.100
[1589900614.534][SEVERE]: Timed out receiving message from renderer: 0.100
[1589900614.616][SEVERE]: Timed out receiving message from renderer: 0.100
[1589900614.619][SEVERE]: Timed out receiving message from renderer: 0.100
[1589900614.649][SEVERE]: Timed out receiving message from renderer: 0.100
[15899006[1589900614.724][SEVERE]: Timed out receiving message from renderer: 0.100
14.719][SEVERE]: Timed out receiving message from renderer: 0.100
[1589900614.759][SEVERE]: Timed out receiving message from renderer: 0.100
[1589900614.823][SEVERE]: Timed out receiving message from renderer: 0.100
[1589900614.876][SEVERE]: Timed out receiving message from renderer: 0.100
[1589900614.882][SEVERE]: Timed out receiving message from renderer: 0.100
[1589900614.933][SEVERE]: Timed out receiving message from renderer: 0.100
[1589900614.988][SEVERE]: Timed out receiving message from renderer: 0.100
[1589900614.991][SEVERE]: Timed out receiving message from renderer: 0.100
[1589900615.034][SEVERE]: Timed out receiving message from renderer: 0.100
[1589900615.097][SEVERE]: Timed out receiving message from renderer: 0.100
[1589900615.098][SEVERE]: Timed out receiving message from renderer: 0.100
[1589900615.140][SEVERE]: Timed out receiving message from renderer: 0.100
[158990061[515.81999090]6[1S5E.V1E9R9E]][:S ETViEmReEd] :o uTti mreedc eoiuvti nrge cmeeisvisnagg em efssraogme  rfernodme rreern:d e0r.e1r0:0 0
.100
[1589900615.241][SEVERE]: Timed out receiving message from renderer: 0.100
[1[5185989909000661155..330087]][[SSEEVVEERREE]]::  TTiimmeedd  oouutt  rreecceeiivviinngg  mmeessssaaggee  ffrroomm  rreennddeerreerr::  00..110000

[1589900615.342][SEVERE]: Timed out receiving message from renderer: 0.100
[[11558899990000661155..441100]][[SSEEVVEERREE]]::  TTiimmeedd  oouutt  rreecceeiivviinngg  mmeessssaaggee  ffrroomm  rreennddeerreerr::  00..110000

[1589900615.444][SEVERE]: Timed out receiving message from renderer: 0.100
[[115588999900006615.5121]5[.S5E12][SEVVEREER]: TEi]m:e dT iomuetd  roeucte irveicnegi message from vrienngd emreesrs:ag e0 .f1r0o0m 
renderer: 0.100
[1589900615.545][SEVERE]: Timed out receiving message from renderer: 0.100
[1589900615.614][SEVERE[]1:5 8T9i90m0e6d1 5o.u6t 1r3][eScEeViEvRiEn]g :m eTsismaegde  ofutr orme creeinvdienrge rm:e s0s.1a0g0e 
from renderer: 0.100
[1589900615.646][SEVERE]: Timed out receiving message from renderer: 0.100
[1589900615.716][SEVERE]: Timed out receiving message from renderer: 0.100
[1589900615.718][SEVERE]: Timed out receiving message from renderer: 0.100
[1589900615.747][SEVERE]: Timed out receiving message from renderer: 0.100
[1589900615.817][SEVERE]: Timed out receiving message from renderer: 0.100
[1589900615.821][SEVERE]: Timed out receiving message from renderer: 0.100
[1589900615.848][SEVERE]: Timed out receiving message from renderer: 0.100
[1589900615.924][SEVERE]: Timed out receiving message from renderer: 0.100
[1589900615.925][SEVERE]: Timed out receiving message from renderer: 0.100
[1589900615.949][SEVERE]: Timed out receiving message from renderer: 0.100
[1589900616.024][SEVERE]: Timed out receiving message from renderer: 0.100
[1589900616.026][SEVERE]: Timed out receiving message from renderer: 0.100
[1589900616.050][SEVERE]: Timed out receiving message from renderer: 0.100
[1589900616.127][SEVERE]: Timed out receiving message from renderer: 0.100
[1589900616.128][SEVERE]: Timed out receiving message from renderer: 0.100
[1589900616.168][SEVERE]: Timed out receiving message from renderer: 0.100
[1589900616.230][SEVERE]: Timed out receiving message from renderer: 0.100
[1589900616.231][SEVERE]: Timed out receiving message from renderer: 0.100
[1589900616.271][SEVERE]: Timed out receiving message from renderer: 0.100
[1[1589900616.3375]8[9S9EVE0R0E6]1:6 .T3i3m7e]d out rec[eSiEvViEnRgE m]ess: Tiamgeed  foruotm  rreecenidveirnegr :m e0s.s1a0g0e 
from renderer: 0.100
[1589900616.373][SEVERE]: Timed out receiving message from renderer: 0.100
[1589900616.439][SEVERE]: Timed out receiving message from rendere[r1:5 809.91000061
6.441][SEVERE]: Timed out receiving message from renderer: 0.100
[1589900616.474][SEVERE]: Timed out receiving message from renderer: 0.100
[1589900616.543][SEVERE]: Timed out receiving message from renderer: 0.100
[1589900616.544][SEVERE]: Timed out receiving message from renderer: 0.100
[1589900616.575][SEVERE]: Timed out receiving message from renderer: 0.100
[1589900616.648][SEVERE]: Timed out receiving message from renderer: 0.100
[1589900616.648][SEVERE]: Timed out receiving message from renderer: 0.100
[1589900616.677][SEVERE]: Timed out receiving message from renderer: 0.100
[1589900616.759][SEVERE]: Timed out receiving message from renderer: 0.1[01058
9900616.760][SEVERE]: Timed out receiving message from renderer: 0.100
[1589900616.781][SEVERE]: Timed out receiving message from renderer: 0.100
[1589900616.877][SEVERE]: Timed out receiving message from renderer: 0.100
[1589900616.884][SEVERE]: Timed out receiving message from renderer: 0.100
[1589900616.889][SEVERE]: Timed out receiving message from renderer: 0.100
[1589900617.000][SEVERE]: Timed out receiving message from renderer: 0.100
[1589900617.000][SEVERE]: Timed out receiving message from renderer: 0.100
[1589900617.000][SEVERE]: Timed out receiving message from renderer: 0.100
[1589900617.127][SEVERE]: Timed out receiving message from renderer: 0.100
[1589900617.132][SEVERE]: Timed out [1r5e8c9e9i0v0i61n7g.1 3m2]e[sSsEaVgEeR Ef]r:o mT irmeedn doeut receivingr meers:s a0g.e1 0f0ro
m renderer: 0.100
[1589900617.229][SEVERE]: Timed out receiving message from renderer: 0.100
[1589900617.241][SEVERE]: Timed out receiving message from renderer: 0.100
[1589900617.243][SEVERE]: Timed out receiving message from renderer: 0.100
[1589900617.331][SEVERE]: Timed out receiving message from renderer: 0.100
[1589900617.358][SEVERE]: Timed out receiving message from renderer: 0.100
[1589900617.358][SEVERE]: Timed out receiving message from renderer: 0.100
[1589900617.442][SEVERE]: Timed out receiving message from renderer: 0.100
[[11558899990000661177..446656]][[SSEEVVEERREE]]::  TTiimmeedd  oout receiving mesusta gree cferiovmi nrge nmdeesrsearg:e  fr0o.m1 00re
nderer: 0.100
[1589900617.544][SEVERE]: Timed out receiving message from renderer: 0.100
[1589900617.582][SEV[E1R5E8]9:9 0T0i6m1e7d. o5u8t r1e]c[eSiEvViEnRgE ]m:e sTsiamgeed  foruotm  rreecnedievrienrg:  m0e.s1s0a0ge
 from renderer: 0.100
[1589900617.649][SEVERE]: Timed out receiving message from renderer: 0.100
[158990061[71.5689939]0[0S6E1V7E.R6E9]3:] [TSiEmVeEdR Eo]u:t  Triemceedi voiuntg  rmeecesivsiangge  mfersosage fromm  rreennddeerreerr::  00..110000

[1589900617.751][SEVERE]: Timed out receiving message from renderer: 0.100
[1589900617.824][SEVERE]: Timed out receiving message from renderer: 0.100
[1589900617.828][SEVERE]: Timed out receiving message from renderer: 0.100
[1589900617.862][SEVERE]: Timed out receiving message from renderer: 0.100
[1589900617.927][SEVERE]: Timed out receiving message from renderer: 0.100
[1589900617.930][SEVERE]: Timed out receiving message from renderer: 0.100
[1589900618.029][SEVERE]: Timed out receiving message from renderer: 0.100
[1589900618.033][SEVERE]: Timed out receiving message from renderer: 0.100
[1589900618.063][SEVERE]: Timed out receiving message from renderer: 0.100
[1589900618.192][SEVERE]: Timed out receiving message from renderer: 0.100
[1589900618.[119588]9[9S0E0V6E1R8E.]1:9 9T]i[mSeEdV EoRuEt] :r eTciemievdi nogu tm ersescaegiev ifnrgo mm ersesnadgeer efrr:o m0 .r1e0n0de
rer: 0.100
[1589900618.333][SEVERE]: Timed out receiving message from renderer: 0.100
[1589900618.338][SEVERE]: Timed out receiving message from renderer: 0.100
[1589900618.345][SEVERE]: Timed out receiving message from renderer: 0.100
[1589900618.468][SEVERE]: Timed out receiving message from renderer: 0.100
[1[518598990900601681.84.8418]2[]S[ESVEEVREER]E:] :T iTmiemde do ouutt  rreecceeiivviinngg  mmeessssaaggee  ffrroomm  rreennddeerreerr::  00..110000

[1589900618.581][SEVERE]: Timed out receiving message from renderer: 0.100
[1589900618.595][S[1E5V8E9R9E0]0:6 1T8i.m5e9d6 ]o[uStE VrEeRcEe]i:v iTnigm emde sosuatg er efcreoimv irnegn dmeersesra:g e0 .f1r0o0m 
renderer: 0.100
[1589900618.683][SEVERE]: Timed out receiving message from renderer: 0.100
[1589900618[.1659889]9[0S0E6V1E8R.E6]9: 9T]i[mSeEdV EoRuEt] :r eTciemievdi nogu tm ersescaegiev ifnrgo mm ersesangdee rferro:m  0r.e1n0d0er
er: 0.100
[1589900618.792][SEVERE]: Timed out receiving message from renderer: 0.100
[1589900618.809][SEVERE]: Timed out receiving message from renderer: 0.100
[1589900618.809][SEVERE]: Timed out receiving message from renderer: 0.100
[1589900618.901][SEVERE]: Timed out receiving message from renderer: 0.100
[1589900618.980][SEVERE]: Timed out receiving message from renderer: 0.100
[1589900619.095][[S15E89V9E0R0E6]1:9.095][SEVERE]:  TimTied out receiving memseds aoguet  rfercoemi vrienngd emreesrs:a g0e. 1f0r0om
 renderer: 0.100
[1589900619.282][SEVERE]: Timed out receiving message from renderer: 0.100
[1589900619.284][SEVERE]: Timed out receiving message from renderer: 0.100
[1589900619.331][SEVERE]: Timed out receiving message from renderer: 0.100
[1589900619.421][SEVERE]: Timed out receiving message from renderer: 0.100
[1589900619.424][SEVERE]: Timed out receiving message from renderer: 0.100
[1589900619.442][SEVERE]: Timed out receiving message from renderer: 0.100
[1589900619.527][SEVERE]: Timed out receiving message from renderer: 0.1[01058
9900619.527][SEVERE]: Timed out receiving message from renderer: 0.100
[1589900619.546][SEVERE]: Timed out receiving message from renderer: 0.100
[1589900619.628][SEVERE]: Timed out receiving message from renderer: 0.100
[1589900619.629][SEVERE]: Timed out receiving message from renderer: 0.100
[1589900619.647][SEVERE]: Timed out receiving message from renderer: 0.100
[15[8195980909601096.1793.37]3[2S]E[VSEERVEE]R:E ]T:i mTeidm eodu to urte creeicveing message ifrvoimn gr emnedsesraerg:e  0f.r1o0m0 r
enderer: 0.100
[1589900619.753][SEVERE]: Timed out receiving message from renderer: 0.100
[[1155889900619.9893090]6[1S9E.V8E3R8E]][:S ETViEmReEd] :o uTti mreedc eoiuvti nrge cmeeissvagei nfgr omme srseangdee rferro:m  0r.e1nde0r0e
r: 0.100
[1589900619.864][SEVERE]: Timed out receiving message from renderer: 0.100
[1589900619.942][[S1E5V8E9R9E0]0:6 1T9i.m9e41d] [oSuEtV ErReEc]e:i vTiinmegd  moeust receivinsga gmeessa gfe from renderer: 0.100
rom renderer: 0.100
[1589900619.967][SEVERE]: Timed out receiving message from renderer: 0.100
[1589900620.047][SEVERE]: Timed[ 1ou5t8 9r9e0c0e6i20v.i0n4g7 ]m[eSsEsVagEeR Ef]r:o mT irmenededr eoru:t  0r.e1c0e0i
ving message from renderer: 0.100
[1589900620.077][SEVERE]: Timed out receiving message from renderer: 0.100
[1589900620.156][SEVERE]: Timed out receiving message f[1589900620.159][SEVERE]: Timed out receiving message from renderer: 0.100
rom renderer: 0.100
[1589900620.184][SEVERE]: Timed out receiving message from renderer: 0.100
[[1155889999000066202.02.6246]4[]SEVERE]: Tim[SeEdV EoRuEt] :r eTciemiving emde sosage uftr om rreecnedievrienrg:  m0e.s1s0a0ge
 from renderer: 0.100
[1589900620.326][SEVERE]: Timed out receiving message from renderer: 0.100
[1589900620.366][SEVERE]: Timed out receiving message from renderer: 0.100
[1589900620.367][SEVERE]: Timed out receiving message from renderer: 0.100
[1589900620.431][SEVERE]: Timed out receiving message from renderer: 0.100
[1589900620.478][SEVERE]: Timed out receiving messag[e1 5f8r9o9m0 0r6e2n0d.er4e78][rS:EV 0E.RE]: T1i0m0ed
 out receiving message from renderer: 0.100
[1589900620.533][SEVERE]: Timed out receiving message from renderer: 0.100
[1589900620.581][SEVERE]: Timed out receiving message from renderer: 0.100
[1589900620.629][SEVERE]: Timed out receiving message from renderer: 0.100
[1589900620.636][SEVERE]: Timed out receiving message from renderer: 0.100
[1589900620.691][SEVERE]: Timed out receiving message from renderer: 0.100
[1589900620.734][SEVERE]: Timed out receiving message from renderer: 0.100
[1589900620.763][SEVERE]: Timed out receiving message from renderer: 0.100
[1589900620.824][SEVERE]: Timed out receiving message from renderer: 0.100
[1589900620.844][SEVERE]: Timed out receiving message from renderer: 0.100
[1589900620.906][SEVERE]: Timed out receiving message from renderer: 0.100
[1589900620.948][SEVERE]: Timed out receiving message from renderer: 0.100
[1589900620.949][SEVERE]: Timed out receiving message from renderer: 0.100
[1589900621.008][SEVERE]: Timed out receiving message from renderer: 0.100
[1589900621.054][SEVERE]: Timed out receiving message from renderer: 0.100
[1589900621.060][SEVERE]: Timed out receiving message from renderer: 0.100
[1589900621.159][SEVERE]: Timed out receiving message from renderer[: 0.100
1589900621.160][SEVERE]: [1589900621.162][SEVERE]: Timed out receiving message from renderer: 0.100
Timed out receiving message from renderer: 0.100
[1589900621.326][SEVERE]: Timed out receiving message from renderer: 0.100
[1589900621.328][SEVERE]: Timed out receiving message from renderer: 0.100
[1589900621.328][SEVERE]: Timed out receiving message from renderer: 0.100
[1589900621.432][SEVERE]: Timed out receiving message from renderer: 0.100
[1589900621.446][SEVERE]: Timed out receiving message from renderer: 0.100
[1589900621.459][SEVERE]: Timed out receiving message from renderer: 0.100
[1589900621.533][SEVERE]: Timed out receiving message from renderer: 0.100
[1589900621.561][SEVER[1E5]8:9 9T0i0m6e2d1 .ou5t6 2r]e[cSEeViEvRiEn]g:  mTeismseadg eo uftr orme creeinvdienrge rm:e s0s.a1g0e0 f
rom renderer: 0.100
[1589900621.641][SEVERE]: Timed out receiving message from renderer: 0.100
[1589900621.666][SEVERE]: Timed out receiving message from renderer: 0.100
[1589900621.668][SEVERE]: Timed out receiving message from renderer: 0.100
[1589900621.744][SEVERE]: Timed out receiving message from renderer: 0.100
[1589900621.775][SEVERE]: Timed out receivi[n1g5 8m9e9s0s0a6g2e1 .f7r7o5m] [rSeEnVdEeRrE]e:r :T 0.100
imed out receiving message from renderer: 0.100
[1589900621.846][SEVERE]: Timed out receiving message from renderer: 0.100
[1589900621.882][SEVERE]: Timed out receiving message from renderer: 0.100
[1589900621.883][SEVERE]: Timed out receiving message from renderer: 0.100
[1589900621.948][SEVERE]: Timed out receiving message from renderer: 0.100
[1589900621.984][SEVERE]: Timed out receiving message from renderer: 0.100
[1589900621.993][SEVERE]: Timed out receiving message from renderer: 0.100
[1589900622.060][SEVERE]: Timed out receiving message from renderer: 0.100
[1589900622.099][SEVERE]: Timed out receiving message from renderer: 0.100
[1589900622.104][SEVERE]: Timed out receiving message from renderer: 0.100
[1589900622.204][SEVERE]: Timed out receiving message from renderer: 0.100
[1589900622.209][SEVERE]: Timed out receiving message from renderer: 0.100
[1589900622.310][SE[V1E5R89900622.31E0]:] Tim[eSdE VERoEu]t: re cTeiimveidng  moeusts argeec efirvoimn gr emnedsesreager :f r0o.m1 0r0en
derer: 0.100
[1589900622.391][SEVERE]: Timed out receiving message from renderer: 0.100
[1589900622.4[12588]9[9S0E0V6E2R2E.]4:2 9T]i[mSeEdV ERE]: Timed out receiving message from renderout receiving message from renderer: 0.100
er: 0.100
[1589900622.502][SEVERE]: Timed out receiving message from renderer: 0.100
[1589900622.600][SEVERE[1589900622.605][SEVERE]: Timed out receiving message from renderer: 0.100
]: Timed out receiving message from renderer: 0.100
[1589900622.650][SEVERE]: Timed out receiving message from renderer: 0.100
[1589900622.748][SEVERE]: Timed out receiving message fr[o1m5 8r9e9n00622.derer: 0.100
749][SEVERE]: Timed out receiving message from renderer: 0.100
[1589900622.857][SEVERE]: Timed out receiving message from renderer: 0.100
[1589900622.895][SEVERE]: Timed out receiving message from renderer: 0.100
[1589900622.975][SEVERE]: Timed out receiving message from renderer: 0.100
[1589900623.010][SEVERE]: Timed out receiving message from renderer: 0.100
[1589900623.084][SEVERE]: Timed out receiving message from renderer: 0.100
[1589900623.233][SEVERE]: Tim[158e9d9 0o0u6t2 3r.e2c3e3iv][SiEnVgE RmEe]s:s aTgiem efd out receiving message from renderer: 0.100
rom renderer: 0.100
[1589900623.350][SEVERE]: Timed out receiving message from renderer: 0.100
[1589900623.494][SEVERE]: Timed out receiving message from renderer: 0.100
[1589900623.506][SEVERE]: Timed out receiving message from renderer: 0.100
[1589900623.857][SEVERE]: Timed out receiving message from renderer: 0.100
[1589900623.895][SEVERE]: Timed out receiving message from renderer: 0.100
[1589900623.917][SEVERE]: Timed out receiving message from renderer: 0.100
[1589900624.053][SEVERE]: Timed out receiving message from renderer: 0.100
[1589900624.100][SEVERE]: Timed out receiving message from renderer: 0.100
[1589900624.225][SEVERE]: Timed out receiving message from renderer: 0.100
[1589900624.314][SEVERE]: Timed out receiving message from renderer: 0.100
[1589900624.405][SEVERE]: Timed out receiving message from renderer: 0.100
[1589900624.406][SEVERE]: Timed out receiving message from renderer: 0.100
[1589900624.557][SEVERE]: Timed out receiving message from renderer: 0.100
[1589900624.583][SEVERE]: Timed out receiving message from renderer: 0.100
[1589900624.617][SEVERE]: Timed out receiving message from renderer: 0.100
[1589900624.758][SEVERE]: Timed out receiving message from renderer: 0.100
[1589900624.875][SEVERE]: Timed out receiving message from renderer: 0.100
[1589900625.076][SEVERE]: Timed out receiving message from renderer: 0.100
[1589900625.088][SEVERE]: Timed out receiving message from renderer: 0.100
[1589900625.260][SEVERE]: Timed out receiving message from renderer: 0.100
[1589900625.475][SEVERE]: Timed out receiving message from renderer: 0.100
[1589900625.598][SEVERE]: Timed out receiving message from renderer: 0.100
[1589900625.838][SEVERE]: Timed out receiving message from renderer: 0.100
[1589900625.887][SEVERE]: Timed out receiving message from renderer: 0.100
[1589900626.146][SEVERE]: Timed out receivin[1589900626.149][SEVERg message from renderE]: Timed out receiving message from renderer: 0.100
er: 0.100
[1589900626.500][SEVERE]: Timed out receiving message from renderer: 0.100
[1589900626.909][SEVERE]: Timed out receiving message from renderer: 0.100
[1589900626.973][SEVERE]: Timed out receiving message from renderer: 0.100
[1589900627.193][SEVERE]: Timed out receiving message from renderer: 0.100
[1589900627.194][SEVERE]: Timed out receiving message from renderer: 0.100
[1589900627.326][SEVERE]: Timed out receiving message from renderer: 0.100
[1589900627.429][SEVERE]: Timed out receiving message from renderer: 0.100
[1589900627.442][SEVERE]: Timed out receiving message from renderer: 0.100
[1589900627.499][SEVERE]: Timed out receiving message from renderer: 0.100
[1589900627.531][SEVERE]: Timed out receiving message from renderer: 0.100
[1589900627.545][SEVERE]: Timed out receiving message from renderer: 0.100
[1589900627.637][SEVERE]: Timed out receiving message from renderer: 0.100
[[11558899990000662277..666611]][[SSEEVVERE]: Timed out receiving message EfRrEo]m:  rTeinmdede roeurt:  r0e.c1e0i0vi
ng message from renderer: 0.100
[1589900627.746][SEVERE]: Timed out receiving message from renderer: 0.100
[1589900627.800][[1SEVERE]: Timed589900627.800][SEVER out receiving message from renderer: 0.100
E]: Timed out receiving message from renderer: 0.100
[1589900627.966][SEVERE]: Timed out receiving message from rend[1589900627.973][SEVERE]: Timed out receiving message from renderer: 0.100
erer: 0.100
[1589900627.996][SEVERE]: Timed out receiving message from renderer: 0.100
[1589900628.295][SEVERE]: Timed out receiving message from renderer: 0.100
[1589900628.312][SEVERE]: Timed out receiving message from renderer: 0.100
[1589900628.332][SEVERE]: Timed out receiving message from renderer: 0.100
[1589900628.397][SEVERE]: Timed out receiving message from renderer: 0.100
[1589900628.413][SEVERE]: Timed out receiving message from renderer: 0.100
[1589900628.444][SEVERE]: Timed out receiving message from renderer: 0.100
[1589900628.498][SEVERE]: Timed out receiving message from renderer: 0.100
[1589900628.515][SEVERE]: Timed out receiving message from renderer: 0.100
[1589900628.546][SEVERE]: Timed out receiving message from renderer: 0.100
[1589900628.600][SEVERE]: Timed out receiving message from renderer: 0.100
[1589900628.616][SEVERE]: Timed out receiving message from renderer: 0.100
[1589900628.647][SEVERE]: Timed out receiving message from renderer: 0.100
[1589900628.711][SEVERE]: Timed out receiving message from renderer: 0.100
[1589900628.728][SEVERE]: Timed out receiving message from renderer: 0.100
[1589900628.748][SEVERE]: Timed out receiving message from renderer: 0.100
[1589900628.812][SEVERE]: Timed out receiving message from renderer: 0.100
[1589900628.829][SEVERE]: Timed out receiving message from renderer: 0.100
[1589900628.849][SEVERE]: Timed out receiving message from renderer: 0.100
[1589900628.914][SEVERE]: Timed out receiving message from renderer: 0.100
[1589900628.931][SEVERE]: Timed out receiving message from renderer: 0.100
[1589900628.953][SEVERE]: Timed out receiving message from renderer: 0.100
[1589900629.040][SEVERE]: Timed out receiving message from renderer: 0.100
[1589900629.058][SEVERE]: Timed out receiving message from renderer: 0.100
[1589900629.078][SEVERE]: Timed out receiving message from renderer: 0.100
[1589900629.147][SEVERE]: Timed out receiving message from renderer: 0.100
[1589900629.162][SEVERE]: Timed out receiving message from renderer: 0.100
[1589900629.255][SEVERE]: Timed out receiving message from renderer: 0.100
[1589900629.256][SEVERE]: Timed out receiving message from renderer: 0.100
[1589900629.296][SEVERE]: Timed out receiving message from renderer: 0.100
[1589900629.356][SEVERE]: Timed out receiving message[ f1r5o8m99 render0er: 0.1006029
.357][SEVERE]: Timed out receiving message from renderer: 0.100
[1589900629.397][SEVERE]: Timed out receiving message from renderer: 0.100
[1589900629.459][SEVERE]: Timed out receiving message from renderer: 0.100
[1589900629.459][SEVERE]: Timed out receiving message from renderer: 0.100
[1589900629.498][SEVERE]: Timed out receiving message from renderer: 0.100
[1589900629.563][SEVER[E158990]0:6 2T9i.m5e63][SEVdERE]: T iomeudt r eocueti receivving messaige fromn gr emnedsesargeer :f ro0m renderer.:1 00.010
0
[1589900629.601][SEVERE]: Timed out receiving message from renderer: 0.100
[1589900629.665][SEVERE]: Timed out receiving message from renderer: 0.100
[1589900629.666][SEVERE]: Timed out receiving message from renderer: 0.100
[1589900629.709][SEVERE]: Timed out receiving message from renderer: 0.100
[1589900629.770][SEVERE]: Timed out receiving message from renderer: 0.100
[1589900629.777][SEVERE]: Timed out receiving message from renderer: 0.100
[1589900629.812][SEVERE]: Timed out receiving message from renderer: 0.100
[1589900629.872][SEVERE]: Timed out receiving message from renderer: 0.100
[1589900629.878][SEVERE]: Timed out receiving message from renderer: 0.100
[1589900629.913][SEVERE]: Timed out receiving message from renderer: 0.100
[1589900629.974][SEVERE]: Timed out receiving message from renderer: 0.100
[1589900629.980][SEVERE]: Timed out receiving message from renderer: 0.100
[1589900630.015][SEVERE]: Timed out receiving message from renderer: 0.100
[1589900630.076][SEVERE]: Timed out receiving message from renderer: 0.100
[1589900630.082][SEVERE]: Timed out receiving message from renderer: 0.100
[1589900630.127][SEVERE]: Timed out receiving message from renderer: 0.100
[1589900630.194][SEVERE]: Timed out receiving message from renderer: 0.100
[1589900630.199][SEVERE]: Timed out receiving message from renderer: 0.100
[1589900630.248][SEVERE]: Timed out receiving message from renderer: 0.100
[1589900630.329][SEVERE]: Timed out receiving message from renderer: 0.100
[1589900630.331][SEVERE]: Timed out receiving message from renderer: 0.100
[1589900630.374][SEVERE]: Timed out receiving message from renderer: 0.100
[1589900630.430][SEVERE]: Timed out receiving message from renderer: 0.100
[1589900630.433][SEVERE]: Timed out receiving message from renderer: 0.100
[1589900630.481][SEVERE]: Timed out receiving message from renderer: 0.100
[1589900630.532][SEVERE]: Timed out receiving message from renderer: 0.100
[1589900630.559][SEVERE]: Timed out receiving message from renderer: 0.100
[1589900630.591][SEVERE]: Timed out receiving message from renderer: 0.100
[1589900630.641][SEVERE]: Timed out receiving message from renderer: 0.100
[1589900630.663][SEVERE]: Timed out receiving message from renderer: 0.100
[1589900630.692][SEVERE]: Timed out receiving message from renderer: 0.100
[1589900630.743][SEVERE]: Timed out receiving message from renderer: 0.100
[1589900630.766][SEVERE]: Timed out receiving message from renderer: 0.100
[1589900630.794][SEVERE]: Timed out receiving message from renderer: 0.100
[1589900630.844][SEVERE]: Timed out receiving message from renderer: 0.100
[1589900630.875][SEVERE]: Timed out receiving message from renderer: 0.100
[1589900630.946][SEVERE]: Timed out receiving message from renderer: 0.100
[1589900630.977][SEVERE]: Timed out receiving message from renderer: 0.100
[1589900630.994][SEVERE]: Timed out receiving message from renderer: 0.100
[1589900631.055][SEVERE]: Timed out receiving message from renderer: 0.100
[1589900631.093][SEVERE]: Timed out receiving message from renderer: 0.100
[1589900631.106][SEVERE]: Timed out receiving message from renderer: 0.100
[1589900631.176][SEVERE]: Timed out receiving message from renderer: 0.100
[1589900631.197][SEVERE]: Timed out receiving message from renderer: 0.100
[1589900631.220][SEVERE]: Timed out receiving message from renderer: 0.100
[1589900631.279][SEVERE]: Timed out receiving message from renderer: 0.100
[1589900631.310][SEVERE]: Timed out receiving message from renderer: 0.100
[1589900631.324][SEVERE]: Timed out receiving message from renderer: 0.100
[1589900631.380][SEVERE]: Timed out receiving message from renderer: 0.100
[1589900631.414][SEVERE]: Timed out receiving message from renderer: 0.100
[1589900631.446][SEVERE]: Timed out receiving message from renderer: 0.100
[1589900631.501][SEVERE]: Timed out receiving message from renderer: 0.100
[1589900631.549][SEVERE]: Timed out receiving message from renderer: 0.100
[1589900631.610][SEVERE]: Timed out receiving message from renderer: [1589900631.613][SEVERE]: Timed out receiving message from renderer: 0.100
0.100
[1589900631.684][SEVERE]: Timed out receiving message from renderer: 0.100
[1589900631.744][SEVERE]: Timed out receiving message from renderer: 0.100
[1589900631.744][SEVERE]: Timed out receiving message from renderer: 0.100
[1589900631.809][SEVERE]: Timed out receiving message from renderer: 0.100
[1589900631.847][SEVERE]: [T1i5m8e9900631.847][SEVERdE ]o:u tT irmeecedi voiuntg  rmeecsesiagvei nfgr omme srseanged from reenderer: 0r.er1:0 0.100
0
[1589900631.921][SEVERE]: Timed out receiving message from renderer: 0.100
[1589900631.96[51]5[SEVERE]: Timed out receiving message from renderer: 0.100
89900631.966][SEVERE]: Timed out receiving message from renderer: 0.100
[1589900632.129][SEVERE]: Timed out receiving message from renderer: 0.100
[1589900632.140][SEVERE]: Timed out receiving message from renderer: 0.100
[1589900632.143][SEVERE]: Timed out receiving message from renderer: 0.100
[1589900632.230][SEVERE]: Timed out receiving message from renderer: 0.100
[1589900632.261][SEVERE]: Timed out receiving message from renderer: 0.100
[1589900632.265][SEVERE]: Timed out receiving message from renderer: 0.100
[1589900632.339][SEVERE]: Timed out receiving message from renderer: 0.100
[1589900632.377][SEVERE]: Timed out receiving message from renderer: 0.100
[1589900632.381][SEVERE]: Timed out receiving message from renderer: 0.100
[1589900632.614][SEVERE]: Timed out receiving message from renderer: 0.100
[1589900632.680][SEVERE]: Timed out [1589900632.688][SEVERE]: Timed out receiving message from renderer: 0.100
receiving message from renderer: 0.100
[1589900632.778][SEVERE]: Timed out receiving message from renderer: 0.100
[1589900632.841][SEVERE]: Timed out receiving message from renderer: 0.[151809090
0632.842][SEVERE]: Timed out receiving message from renderer: 0.100
[1589900632.945][SEVERE]: Timed out re[1589900632.945][SEVERE]: Timed out receiving message from renderecr: 0.100eiving message from ren
derer: 0.100
[1589900632.961][SEVERE]: Timed out receiving message from renderer: 0.100
[1589900633.049][SEVERE]: Timed o[u1t5 899006r33.048][SEVERE]: eTimed out rceceivinge message from reinderer: 0.100
ving message from renderer: 0.100
[1589900633.127][SEVERE]: Timed out receiving message from renderer: 0.100
[1589900633.157][[1S5E8V9E9R0E0]6:3 T3i.m157e]d[ SoEuVtER E]r:e cTeiimveidn go umets sraecgee ifvrionmg  rmeensdseargeer :f r0.o1m0 0re
nderer: 0.100
[...]
[1589900638.494][SEVERE]: Timed out receiving message from renderer: 0.100
[1589900638.547][SEVERE]: Timed out receiving message from renderer: 0.100
[1589900638.580][SEVERE]: Timed out receiving message from renderer: 0.100
[1589900638.598][SEVERE]: Timed out receiving message from renderer: 0.100
[1589900638.652][SEVERE]: Timed out receiving message from renderer: 0.100
[1589900638.681][SEVERE]: Timed out receiving message from renderer: 0.100
[1589900638.709][SEVERE]: Timed out receiving message from renderer: 0.100
[1589900638.789][SEVERE]: Timed out receiving message from renderer: 0.100
[1589900638.810][SEVERE]: Timed out receiving message from renderer: 0.100
[1589900638.847][SEVERE]: Timed out receiving message from renderer: 0.100
[1589900638.893][SEVERE]: Timed out receiving message from renderer: 0.100
[1589900638.920][SEVERE]: Timed out receiving message from renderer: 0.100
[1589900638.951][SEVERE]: Timed out receiving message from renderer: 0.100
[1589900638.994][SEVERE]: Timed out receiving message from renderer: 0.100
[1589900639.055][SEVERE]: Timed out receiving message from renderer: 0.100
[1589900639.096][SEVERE]: Timed out receiving message from renderer: 0.100
[1589900639.158][SEVERE]: Timed out receiving message from renderer: 0.100
[1589900639.197][SEVERE]: Timed out receiving message from renderer: 0.100
[1589900639.260][SEVERE]: Timed out receiving message from renderer: 0.100
[1589900639.306][SEVERE]: Timed out receiving message from renderer: 0.100
[1589900639.364][SEVERE]: Timed out receiving message from renderer: 0.100
[1589900639.408][SEVERE]: Timed out receiving message from renderer: 0.100
[1589900639.471][SEVERE]: Timed out receiving message from renderer: 0.100
[1589900639.510][SEVERE]: Timed out receiving message from renderer: 0.100
[1589900639.575][SEVERE]: Timed out receiving message from renderer: 0.100
[1589900639.611][SEVERE]: Timed out receiving message from renderer: 0.100
[1589900639.677][SEVERE]: Timed out receiving message from renderer: 0.100
[1589900639.719][SEVERE]: Timed out receiving message from renderer: 0.100
[1589900639.779][SEVERE]: Timed out receiving message from renderer: 0.100
[1589900639.780][SEVERE]: Timed out receiving message from renderer: 0.100
[1589900639.820][SEVERE]: Timed out receiving message from renderer: 0.100
[158990063[91.5888989]0[0SEV6E3R9E.]8:88][S ETViEmReEd] :o uTti mreedce iovuitng  rmeecsesiavigneg f rmoems sraegnde efrreorm:  r0.e100
nderer: 0.100
[1589900639.924][SEVERE]: Timed out receiving message from renderer: 0.100
[1589900639.991][SEVERE]: Timed out receiving message from renderer: 0.100
[1589900639.991][SEVERE]: Timed out receiving message from renderer: 0.100
[1589900640.026][SEVERE]: Timed out receiving message from renderer: 0.100
[1589900640.093][SEVERE[]1: Timed out receiving message f589900640.093rom renderer: 0.100
][SEVERE]: Timed out receiving message from renderer: 0.100
[1589900640.127][SEVERE]: Timed out receiving message from renderer: 0.100
[1589[910508694900.0169460].[1S9E7V]E[RSEE]V:E RTE]: Timed out receiving message from renderer: 0.imed out receiving me100
ssage from renderer: 0.100
[1589900640.229][SEVERE]: Timed out receiving message from renderer: 0.100
[1589900640.313][SEVERE]: Timed out receiving message from renderer: 0.100
[1589900640.312][SEVERE]: Timed out receiving message from renderer: 0.100
[1589900640.359][SEVERE]: Timed out receiving message from renderer: 0.100
[1589900640.421][SEVERE]: Timed out receiving message from renderer: 0.100
[1589900640.425][SEVERE]: Timed out receiving message from renderer: 0.100
[1589900640.461][SEVERE]: Timed out receiving message from renderer: 0.100
[1589900640.525][SEVERE]: Timed out receiving message from renderer: 0.100
[1589900640.528][SEVERE]: Timed out receiving message from renderer: 0.100
[1589900640.574][SEVERE]: Timed out receiving message from renderer: 0.100
[1589900640.641][SEVERE]: Timed out receiving message from renderer: 0.100
[1589900640.643][SEVERE]: Timed out receiving message from renderer: 0.100
[1589900640.731][SEVERE]: Timed out receiving message from renderer: 0.100
[1589900640.745][SEVERE]: Timed out receiving message from renderer: 0.100
[1589900640.747][SEVERE]: Timed out receiving message from renderer: 0.100
[1589900640.862][SEVERE]: Timed out receiving message from renderer: 0.100
[1589900640.879][SEVERE]: Timed out rece[i1v5i89n90g0 640.m885][SEVERE]: Timed out receiving mesesage from renderer: 0.100
ssage from renderer: 0.100
[1589900640.991][SEVERE]: Timed out receiving message from renderer: 0.100
[1589900640.993][SEVERE]: Timed out receiving message from renderer: 0.100
[1589900641.044][SEVERE]: Timed out receiving message from renderer: 0.100
[1589900641.093][SEVERE]: Timed out receiving message from renderer: 0.100
[1589900641.094][SEVERE]: Timed out receiving message from renderer: 0.100
[1589900641.145][SEVERE]: Timed out receiving message from renderer: 0.100
[1589900641.194][SEVERE]: Timed out receiving mess[1589900641.196][SEVERE]: Timed out receiving message from renderer: 0.100
age from renderer: 0.100
[1589900641.246][SEVERE]: Timed out receiving message from renderer: 0.100
[1589900641.305][SEVERE]: Timed out receiving message from renderer: 0.100
[1589900641.306][SEVERE]: Timed out receiving message from renderer: 0.100
[1589900641.352][SEVERE]: Timed out receiving message from renderer: 0.100
[1589900641.408][SEVERE]: Timed out receiving message from renderer: 0.100[
1589900641.409][SEVERE]: Timed out receiving message from renderer: 0.100
[1589900641.474][SEVERE]: Timed out receiving message from renderer: 0.100
[1589900641.510][SEVERE]: Timed out receiving message from renderer: 0.100
[1589900641.511][SEVERE]: Timed out receiving message from renderer: 0.100
[1589900641.577][SEVERE]: Timed out receiving message from renderer: 0.100
[1589900641.611][SEVERE]: Timed out receiving message from renderer: 0.100
[1589900641.613][SEVERE]: Timed out receiving message from renderer: 0.100
[1589900641.678][SEVERE]: Timed out receiving message from renderer: 0.100
[1589900641.714][SEVERE]: Timed out receiving message from renderer: 0.100
[1589900641.723][SEVERE]: Timed out receiving message from renderer: 0.100
[1589900641.780][SEVERE]: Timed out receiving message from renderer: 0.100
[1589900641.830][SEVERE]: Timed out receiving message from renderer: 0.100
[1589900641.844][SEVERE]: Timed out receiving message from renderer: 0.100
[1589900641.887][SEVERE]: Timed out receiving message from renderer: 0.100
[1589900641.939][SEVERE]: Timed out receiving message from renderer: 0.100
[1589900641.947][SEVERE]: Timed out receiving message from renderer: 0.100
[1589900641.990][SEVERE]: Timed out receiving message from renderer: 0.100
[1589900642.040][SEVERE]: Timed out receiving message from renderer: 0.100
[1589900642.052][SEVERE]: Timed out receiving message from renderer: 0.100
[1589900642.091][SEVERE]: Timed out receiving message from renderer: 0.100
[1589900642.141][SEVERE]: Timed out receiving message from renderer: 0.100
[1589900642.154][SEVERE]: Timed out receiving message from renderer: 0.100
[1589900642.192][SEVERE]: Timed out receiving message from renderer: 0.100
[1589900642.243][SEVERE]: Timed out receiving message from renderer: 0.100
[1589900642.256][SEVERE]: Timed out receiving message from renderer: 0.100
[1589900642.296][SEVERE]: Timed out receiving message from renderer: 0.100
[1589900642.345][SEVERE]: Timed out receiving message from renderer: 0.100
[1589900642.358][SEVERE]: Timed out receiving message from renderer: 0.100
[1589900642.397][SEVERE]: Timed out receiving message from renderer: 0.100
[1589900642.447][SEVERE]: Timed out receiving message from renderer: 0.100
[1589900642.459][SEVERE]: Timed out receiving message from renderer: 0.100
[1589900642.503][SEVERE]: Timed out receiving message from renderer: 0.100
[1589900642.551][SEVERE]: Timed out receiving message from renderer: 0.100
[1589900642.560][SEVERE]: Timed out receiving message from renderer: 0.100
[1589900642.607][SEVERE]: Timed out receiving message from renderer: 0.100
[1589900642.655][SEVERE]: Timed out receiving message from renderer: 0.100
[1589900642.661][SEVERE]: Timed out receiving message from renderer: 0.100
[1589900642.709][SEVERE]: Timed out receiving message from renderer: 0.100
[1589900642.756][SEVERE]: Timed out receiving message from renderer: 0.100
[1589900642.764][SEVERE]: Timed out receiving message from renderer: 0.100
[1589900642.809][SEVERE]: Timed out receiving message from renderer: 0.100
[1589900642.858][SEVERE]: Timed out receiving message from renderer: 0.100
[1589900642.874][SEVERE]: Timed out receiving message from renderer: 0.100
[1589900642.912][SEVERE]: Timed out receiving message from renderer: 0.100
[1589900642.959][SEVERE]: Timed out receiving message from renderer: 0.100
[1589900642.975][SEVERE]: Timed out receiving message from renderer: 0.100
[1589900643.014][SEVERE]: Timed out receiving message from renderer: 0.100
[1589900643.061][SEVERE]: Timed out receiving message from renderer: 0.100
[1589900643.076][SEVERE]: Timed out receiving message from renderer: 0.100
[1589900643.122][SEVERE]: Timed out receiving message from renderer: 0.100
[1589900643.162][SEVERE]: Timed out receiving message from renderer: 0.100
[1589900643.178][SEVERE]: Timed out receiving message from renderer: 0.100
[1589900643.224][SEVERE]: Timed out receiving message from renderer: 0.100
[1589900643.263][SEVERE]: Timed out receiving message from renderer: 0.100
[1589900643.280][SEVERE]: Timed out receiving message from renderer: 0.100
[1589900643.326][SEVERE]: Timed out receiving message from renderer: 0.100
[1589900643.372][SEVERE]: Timed out receiving message from renderer: 0.100
[1589900643.386][SEVERE]: Timed out receiving message from renderer: 0.100
[1589900643.427][SEVERE]: Timed out receiving message from renderer: 0.100
[1589900643.474][SEVERE]: Timed out receiving message from renderer: 0.100
[1589900643.493][SEVERE]: Timed out receiving message from renderer: 0.100
[1589900643.528][SEVERE]: Timed out receiving message from renderer: 0.100
[1589900643.575][SEVERE]: Timed out receiving message from renderer: 0.100
[1589900643.594][SEVERE]: Timed out receiving message from renderer: 0.100
[1589900643.629][SEVERE]: Timed out receiving message from renderer: 0.100
[1589900643.676][SEVERE]: Timed out receiving message from renderer: 0.100
[1589900643.703][SEVERE]: Timed out receiving message from renderer: 0.100
[1589900643.730][SEVERE]: Timed out receiving message from renderer: 0.100
[1589900643.778][SEVERE]: Timed out receiving message from renderer: 0.100
[1589900643.808][SEVERE]: Timed out receiving message from renderer: 0.100
[1589900643.837][SEVERE]: Timed out receiving message from renderer: 0.100
[1589900643.880][SEVERE]: Timed out receiving message from renderer: 0.100
[1589900643.910][SEVERE]: Timed out receiving message from renderer: 0.100
[1589900643.946][SEVERE]: Timed out receiving message from renderer: 0.100
[1589900643.988][SEVERE]: Timed out receiving message from renderer: 0.100
[1589900644.012][SEVERE]: Timed out receiving message from renderer: 0.100
[1589900644.047][SEVERE]: Timed out receiving message from renderer: 0.100
[1589900644.092][SEVERE]: Timed out receiving message from renderer: 0.100
[1589900644.113][SEVERE]: Timed out receiving message from renderer: 0.100
[1589900644.159][SEVERE]: Timed out receiving message from renderer: 0.100
[1589900644.193][SEVERE]: Timed out receiving message from renderer: 0.100
[1589900644.220][SEVERE]: Timed out receiving message from renderer: 0.100
[1589900644.261][SEVERE]: Timed out receiving message from renderer: 0.100
[1589900644.296][SEVERE]: Timed out receiving message from renderer: 0.100
[1589900644.321][SEVERE]: Timed out receiving message from renderer: 0.100
[1589900644.372][SEVERE]: Timed out receiving message from renderer: 0.100
[1589900644.402][SEVERE]: Timed out receiving message from renderer: 0.100
[1589900644.427][SEVERE]: Timed out receiving message from renderer: 0.100
[1589900644.473][SEVERE]: Timed out receiving message from renderer: 0.100
[1589900644.506][SEVERE]: Timed out receiving message from renderer: 0.100
[1589900644.528][SEVERE]: Timed out receiving message from renderer: 0.100
[1589900644.575][SEVERE]: Timed out receiving message from renderer: 0.100
[1589900644.607][SEVERE]: Timed out receiving message from renderer: 0.100
[1589900644.629][SEVERE]: Timed out receiving message from renderer: 0.100
[1589900644.676][SEVERE]: Timed out receiving message from renderer: 0.100
[1589900644.708][SEVERE]: Timed out receiving message from renderer: 0.100
[1589900644.735][SEVERE]: Timed out receiving message from renderer: 0.100
[1589900644.777][SEVERE]: Timed out receiving message from renderer: 0.100
[1589900644.809][SEVERE]: Timed out receiving message from renderer: 0.100
[1589900644.838][SEVERE]: Timed out receiving message from renderer: 0.100
[1589900644.879][SEVERE]: Timed out receiving message from renderer: 0.100
[1589900644.920][SEVERE]: Timed out receiving message from renderer: 0.100
[1589900644.940][SEVERE]: Timed out receiving message from renderer: 0.100
[1589900644.980][SEVERE]: Timed out receiving message from renderer: 0.100
[1589900645.021][SEVERE]: Timed out receiving message from renderer: 0.100
[1589900645.041][SEVERE]: Timed out receiving message from renderer: 0.100
[1589900645.087][SEVERE]: Timed out receiving message from renderer: 0.100
[1589900645.123][SEVERE]: Timed out receiving message from renderer: 0.100
[1589900645.145][SEVERE]: Timed out receiving message from renderer: 0.100
[1589900645.188][SEVERE]: Timed out receiving message from renderer: 0.100
[1589900645.224][SEVERE]: Timed out receiving message from renderer: 0.100
[1589900645.246][SEVERE]: Timed out receiving message from renderer: 0.100
[1589900645.290][SEVERE]: Timed out receiving message from renderer: 0.100
[1589900645.327][SEVERE]: Timed out receiving message from renderer: 0.100
[1589900645.347][SEVERE]: Timed out receiving message from renderer: 0.100
[1589900645.391][SEVERE]: Timed out receiving message from renderer: 0.100
[1589900645.428][SEVERE]: Timed out receiving message from renderer: 0.100
[1589900645.451][SEVERE]: Timed out receiving message from renderer: 0.100
[1589900645.492][SEVERE]: Timed out receiving message from renderer: 0.100
[1589900645.530][SEVERE]: Timed out receiving message from renderer: 0.100
[1589900645.557][SEVERE]: Timed out receiving message from renderer: 0.100
[1589900645.594][SEVERE]: Timed out receiving message from renderer: 0.100
[1589900645.636][SEVERE]: Timed out receiving message from renderer: 0.100
[1589900645.658][SEVERE]: Timed out receiving message from renderer: 0.100
[1589900645.696][SEVERE]: Timed out receiving message from renderer: 0.100
[1589900645.737][SEVERE]: Timed out receiving message from renderer: 0.100
[1589900645.759][SEVERE]: Timed out receiving message from renderer: 0.100
[1589900645.797][SEVERE]: Timed out receiving message from renderer: 0.100
[1589900645.838][SEVERE]: Timed out receiving message from renderer: 0.100
[1589900645.861][SEVERE]: Timed out receiving message from renderer: 0.100
[1589900645.902][SEVERE]: Timed out receiving message from renderer: 0.100
[1589900645.940][SEVERE]: Timed out receiving message from renderer: 0.100
[1589900645.962][SEVERE]: Timed out receiving message from renderer: 0.100
[1589900646.005][SEVERE]: Timed out receiving message from renderer: 0.100
[1589900646.042][SEVERE]: Timed out receiving message from renderer: 0.100
[1589900646.063][SEVERE]: Timed out receiving message from renderer: 0.100
[1589900646.110][SEVERE]: Timed out receiving message from renderer: 0.100
[1589900646.143][SEVERE]: Timed out receiving message from renderer: 0.100
[1589900646.189][SEVERE]: Timed out receiving message from renderer: 0.100
[1589900646.212][SEVERE]: Timed out receiving message from renderer: 0.100
[1589900646.244][SEVERE]: Timed out receiving message from renderer: 0.100
[1589900646.295][SEVERE]: Timed out receiving message from renderer: 0.100
[1589900646.314][SEVERE]: Timed out receiving message from renderer: 0.100
[1589900646.361][SEVERE]: Timed out receiving message from renderer: 0.100
[1589900646.397][SEVERE]: Timed out receiving message from renderer: 0.100
[1589900646.419][SEVERE]: Timed out receiving message from renderer: 0.100
[1589900646.462][SEVERE]: Timed out receiving message from renderer: 0.100
[1589900646.504][SEVERE]: Timed out receiving message from renderer: 0.100
[1589900646.521][SEVERE]: Timed out receiving message from renderer: 0.100
[1589900646.568][SEVERE]: Timed out receiving message from renderer: 0.100
[1589900646.606][SEVERE]: Timed out receiving message from renderer: 0.100
[1589900646.624][SEVERE]: Timed out receiving message from renderer: 0.100
[1589900646.671][SEVERE]: Timed out receiving message from renderer: 0.100
[1589900646.708][SEVERE]: Timed out receiving message from renderer: 0.100
[1589900646.726][SEVERE]: Timed out receiving message from renderer: 0.100
[1589900646.772][SEVERE]: Timed out receiving message from renderer: 0.100
[1589900646.810][SEVERE]: Timed out receiving message from renderer: 0.100
[1589900646.827][SEVERE]: Timed out receiving message from renderer: 0.100
[1589900646.874][SEVERE]: Timed out receiving message from renderer: 0.100
[1589900646.911][SEVERE]: Timed out receiving message from renderer: 0.100
[1589900646.928][SEVERE]: Timed out receiving message from renderer: 0.100
[1589900646.975][SEVERE]: Timed out receiving message from renderer: 0.100
[1589900647.013][SEVERE]: Timed out receiving message from renderer: 0.100
[1589900647.030][SEVERE]: Timed out receiving message from renderer: 0.100
[1589900647.076][SEVERE]: Timed out receiving message from renderer: 0.100
[1589900647.118][SEVERE]: Timed out receiving message from renderer: 0.100
[1589900647.135][SEVERE]: Timed out receiving message from renderer: 0.100
[1589900647.177][SEVERE]: Timed out receiving message from renderer: 0.100
[1589900647.219][SEVERE]: Timed out receiving message from renderer: 0.100
[1589900647.236][SEVERE]: Timed out receiving message from renderer: 0.100
[1589900647.278][SEVERE]: Timed out receiving message from renderer: 0.100
[1589900647.323][SEVERE]: Timed out receiving message from renderer: 0.100
[1589900647.338][SEVERE]: Timed out receiving message from renderer: 0.100
[1589900647.379][SEVERE]: Timed out receiving message from renderer: 0.100
[1589900647.424][SEVERE]: Timed out receiving message from renderer: 0.100
[1589900647.439][SEVERE]: Timed out receiving message from renderer: 0.100
[1589900647.489][SEVERE]: Timed out receiving message from renderer: 0.100
[1589900647.526][SEVERE]: Timed out receiving message from renderer: 0.100
[1589900647.541][SEVERE]: Timed out receiving message from renderer: 0.100
[1589900647.591][SEVERE]: Timed out receiving message from renderer: 0.100
[1589900647.639][SEVERE]: Timed out receiving message from renderer: 0.100
[1589900647.692][SEVERE]: Timed out receiving message from renderer: 0.100
[1589900647.741][SEVERE]: Timed out receiving message from renderer: 0.100
[1589900647.793][SEVERE]: Timed out receiving message from renderer: 0.100
[1589900647.861][SEVERE]: Timed out receiving message from renderer: 0.100
[1589900647.934][SEVERE]: Timed out receiving message from renderer: 0.100
]]></system-err>
  </testcase>
  <testcase name="validateTitle" classname="Academy.ValidateFeatureTitle" time="0.051"/>
  <testcase name="closingNewsPopup" classname="Academy.HomapageTest" time="21.818"/>
  <testcase name="closingNewsPopup" classname="Academy.HomapageTest" time="11.361"/>
</testsuite>