-------------------------------------------------------------------------------
Test set: TestSuite
-------------------------------------------------------------------------------
Tests run: 4, Failures: 1, Errors: 0, Skipped: 0, Time elapsed: 109.076 s <<< FAILURE! - in TestSuite
Academy.FailCase.failvalidateTitle  Time elapsed: 0.337 s  <<< FAILURE!
java.lang.AssertionError: expected [Feature fail title] but found [FEATURED COURSES]
	at Academy.FailCase.failvalidateTitle(FailCase.java:31)

