<?xml version="1.0" encoding="UTF-8"?>
<!-- Generated by org.testng.reporters.JUnitXMLReporter -->
<testsuite hostname="DESKTOP-A97EKAP" ignored="0" name="Test" tests="5" failures="1" timestamp="25 May 2020 11:03:54 GMT" time="65.334" errors="0">
  <testcase name="titleVerification" time="5.091" classname="Divy.Framework.HomePageTestCases"/>
  <testcase name="privacyLinkVerify" time="5.159" classname="Divy.Framework.HomePageTestCases"/>
  <testcase name="cookieCrossbtnVerify" time="5.283" classname="Divy.Framework.HomePageTestCases"/>
  <testcase name="flightBtnSelected" time="5.093" classname="Divy.Framework.HomePageTestCases"/>
  <testcase name="languagedrpdown" time="0.078" classname="Divy.Framework.HomePageTestCases">
    <failure type="org.openqa.selenium.support.ui.UnexpectedTagNameException" message="Element should have been &amp;quot;select&amp;quot; but was &amp;quot;span&amp;quot;
Build info: version: &amp;apos;3.10.0&amp;apos;, revision: &amp;apos;176b4a9&amp;apos;, time: &amp;apos;2018-03-02T19:03:16.397Z&amp;apos;
System info: host: &amp;apos;DESKTOP-A97EKAP&amp;apos;, ip: &amp;apos;192.168.43.15&amp;apos;, os.name: &amp;apos;Windows 10&amp;apos;, os.arch: &amp;apos;amd64&amp;apos;, os.version: &amp;apos;10.0&amp;apos;, java.version: &amp;apos;1.8.0_241&amp;apos;
Driver info: driver.version: unknown">
      <![CDATA[org.openqa.selenium.support.ui.UnexpectedTagNameException: Element should have been "select" but was "span"
Build info: version: '3.10.0', revision: '176b4a9', time: '2018-03-02T19:03:16.397Z'
System info: host: 'DESKTOP-A97EKAP', ip: '192.168.43.15', os.name: 'Windows 10', os.arch: 'amd64', os.version: '10.0', java.version: '1.8.0_241'
Driver info: driver.version: unknown
at org.openqa.selenium.support.ui.Select.<init>(Select.java:47)
at Divy.Framework.HomePageObjectRepository.langaugechk(HomePageObjectRepository.java:75)
at Divy.Framework.HomePageTestCases.languagedrpdown(HomePageTestCases.java:72)
... Removed 25 stack frames]]>
    </failure>
  </testcase> <!-- languagedrpdown -->
</testsuite> <!-- Test -->
