-------------------------------------------------------------------------------
Test set: TestSuite
-------------------------------------------------------------------------------
Tests run: 4, Failures: 1, Errors: 0, Skipped: 0, Time elapsed: 38.053 s <<< FAILURE! - in TestSuite
Divy.Framework.HomePageTestCases.flightBtnSelected  Time elapsed: 0.132 s  <<< FAILURE!
java.lang.AssertionError: Flight button is not selected expected [true] but found [false]
	at Divy.Framework.HomePageTestCases.flightBtnSelected(HomePageTestCases.java:65)

