<?xml version="1.0" encoding="UTF-8"?>
<testsuite xmlns:xsi="http://www.w3.org/2001/XMLSchema-instance" xsi:noNamespaceSchemaLocation="https://maven.apache.org/surefire/maven-surefire-plugin/xsd/surefire-test-report-3.0.xsd" version="3.0" name="TestSuite" time="38.053" tests="4" errors="0" skipped="0" failures="1">
  <properties>
[...]
</properties>
  <testcase name="titleVerification" classname="Divy.Framework.HomePageTestCases" time="5.076"/>
  <testcase name="privacyLinkVerify" classname="Divy.Framework.HomePageTestCases" time="5.152"/>
  <testcase name="cookieCrossbtnVerify" classname="Divy.Framework.HomePageTestCases" time="5.3"/>
  <testcase name="flightBtnSelected" classname="Divy.Framework.HomePageTestCases" time="0.132">
    <failure message="Flight button is not selected expected [true] but found [false]" type="java.lang.AssertionError"><![CDATA[java.lang.AssertionError: Flight button is not selected expected [true] but found [false]
	at Divy.Framework.HomePageTestCases.flightBtnSelected(HomePageTestCases.java:65)
]]></failure>
  </testcase>
</testsuite>